<?xml version="1.0" encoding="UTF-8"?>
<coverage generated="1536863427402" clover="3.2.0">
  <project timestamp="1536863427402" name="All files">
    <metrics statements="370" coveredstatements="209" conditionals="60" coveredconditionals="18" methods="48" coveredmethods="18" elements="478" coveredelements="245" complexity="0" loc="370" ncloc="370" packages="6" files="25" classes="25">
      <package name="13.Project_Testing_Auth_middleware">
        <metrics statements="10" coveredstatements="10" conditionals="0" coveredconditionals="0" methods="0" coveredmethods="0"/>
        <file name="index.js" path="D:\Programing\Video_Tutorials\_MY_TRAINING\Javascript\_Node.js\The Complete Guide to Build RESTful APIs_2018\13. Integration Testing\13.Project_Testing_Auth_middleware\index.js">
          <metrics statements="10" coveredstatements="10" conditionals="0" coveredconditionals="0" methods="0" coveredmethods="0"/>
          <line num="1" count="2" type="stmt"/>
          <line num="2" count="2" type="stmt"/>
          <line num="3" count="2" type="stmt"/>
          <line num="4" count="2" type="stmt"/>
          <line num="5" count="2" type="stmt"/>
          <line num="6" count="2" type="stmt"/>
          <line num="7" count="2" type="stmt"/>
          <line num="8" count="2" type="stmt"/>
          <line num="9" count="2" type="stmt"/>
          <line num="11" count="2" type="stmt"/>
        </file>
      </package>
      <package name="13.Project_Testing_Auth_middleware.helpers">
        <metrics statements="18" coveredstatements="4" conditionals="0" coveredconditionals="0" methods="7" coveredmethods="1"/>
        <file name="joi_validation.js" path="D:\Programing\Video_Tutorials\_MY_TRAINING\Javascript\_Node.js\The Complete Guide to Build RESTful APIs_2018\13. Integration Testing\13.Project_Testing_Auth_middleware\helpers\joi_validation.js">
          <metrics statements="18" coveredstatements="4" conditionals="0" coveredconditionals="0" methods="7" coveredmethods="1"/>
          <line num="1" count="2" type="stmt"/>
          <line num="4" count="9" type="stmt"/>
          <line num="7" count="9" type="stmt"/>
          <line num="10" count="0" type="stmt"/>
          <line num="13" count="0" type="stmt"/>
          <line num="16" count="0" type="stmt"/>
          <line num="24" count="0" type="stmt"/>
          <line num="27" count="0" type="stmt"/>
          <line num="30" count="0" type="stmt"/>
          <line num="33" count="0" type="stmt"/>
          <line num="39" count="0" type="stmt"/>
          <line num="44" count="0" type="stmt"/>
          <line num="45" count="0" type="stmt"/>
          <line num="50" count="0" type="stmt"/>
          <line num="55" count="0" type="stmt"/>
          <line num="56" count="0" type="stmt"/>
          <line num="60" count="0" type="stmt"/>
          <line num="62" count="2" type="stmt"/>
        </file>
      </package>
      <package name="13.Project_Testing_Auth_middleware.middleware">
        <metrics statements="23" coveredstatements="21" conditionals="6" coveredconditionals="6" methods="4" coveredmethods="3"/>
        <file name="admin.js" path="D:\Programing\Video_Tutorials\_MY_TRAINING\Javascript\_Node.js\The Complete Guide to Build RESTful APIs_2018\13. Integration Testing\13.Project_Testing_Auth_middleware\middleware\admin.js">
          <metrics statements="3" coveredstatements="3" conditionals="2" coveredconditionals="2" methods="1" coveredmethods="1"/>
          <line num="1" count="2" type="stmt"/>
          <line num="5" count="3" type="cond" truecount="2" falsecount="0"/>
          <line num="6" count="2" type="stmt"/>
        </file>
        <file name="auth.js" path="D:\Programing\Video_Tutorials\_MY_TRAINING\Javascript\_Node.js\The Complete Guide to Build RESTful APIs_2018\13. Integration Testing\13.Project_Testing_Auth_middleware\middleware\auth.js">
          <metrics statements="11" coveredstatements="11" conditionals="2" coveredconditionals="2" methods="1" coveredmethods="1"/>
          <line num="2" count="3" type="stmt"/>
          <line num="3" count="3" type="stmt"/>
          <line num="7" count="16" type="stmt"/>
          <line num="8" count="16" type="cond" truecount="2" falsecount="0"/>
          <line num="9" count="2" type="stmt"/>
          <line num="12" count="14" type="stmt"/>
          <line num="18" count="14" type="stmt"/>
          <line num="19" count="13" type="stmt"/>
          <line num="20" count="13" type="stmt"/>
          <line num="22" count="1" type="stmt"/>
          <line num="26" count="3" type="stmt"/>
        </file>
        <file name="error.js" path="D:\Programing\Video_Tutorials\_MY_TRAINING\Javascript\_Node.js\The Complete Guide to Build RESTful APIs_2018\13. Integration Testing\13.Project_Testing_Auth_middleware\middleware\error.js">
          <metrics statements="4" coveredstatements="2" conditionals="0" coveredconditionals="0" methods="1" coveredmethods="0"/>
          <line num="1" count="2" type="stmt"/>
          <line num="3" count="2" type="stmt"/>
          <line num="5" count="0" type="stmt"/>
          <line num="15" count="0" type="stmt"/>
        </file>
        <file name="validate.ObjectId.js" path="D:\Programing\Video_Tutorials\_MY_TRAINING\Javascript\_Node.js\The Complete Guide to Build RESTful APIs_2018\13. Integration Testing\13.Project_Testing_Auth_middleware\middleware\validate.ObjectId.js">
          <metrics statements="5" coveredstatements="5" conditionals="2" coveredconditionals="2" methods="1" coveredmethods="1"/>
          <line num="1" count="2" type="stmt"/>
          <line num="3" count="2" type="stmt"/>
          <line num="4" count="3" type="cond" truecount="2" falsecount="0"/>
          <line num="5" count="1" type="stmt"/>
          <line num="7" count="2" type="stmt"/>
        </file>
      </package>
      <package name="13.Project_Testing_Auth_middleware.models">
        <metrics statements="26" coveredstatements="26" conditionals="0" coveredconditionals="0" methods="1" coveredmethods="1"/>
        <file name="customer.js" path="D:\Programing\Video_Tutorials\_MY_TRAINING\Javascript\_Node.js\The Complete Guide to Build RESTful APIs_2018\13. Integration Testing\13.Project_Testing_Auth_middleware\models\customer.js">
          <metrics statements="4" coveredstatements="4" conditionals="0" coveredconditionals="0" methods="0" coveredmethods="0"/>
          <line num="1" count="2" type="stmt"/>
          <line num="3" count="2" type="stmt"/>
          <line num="21" count="2" type="stmt"/>
          <line num="23" count="2" type="stmt"/>
        </file>
        <file name="genre.js" path="D:\Programing\Video_Tutorials\_MY_TRAINING\Javascript\_Node.js\The Complete Guide to Build RESTful APIs_2018\13. Integration Testing\13.Project_Testing_Auth_middleware\models\genre.js">
          <metrics statements="4" coveredstatements="4" conditionals="0" coveredconditionals="0" methods="0" coveredmethods="0"/>
          <line num="1" count="2" type="stmt"/>
          <line num="2" count="2" type="stmt"/>
          <line num="10" count="2" type="stmt"/>
          <line num="13" count="2" type="stmt"/>
        </file>
        <file name="movie.js" path="D:\Programing\Video_Tutorials\_MY_TRAINING\Javascript\_Node.js\The Complete Guide to Build RESTful APIs_2018\13. Integration Testing\13.Project_Testing_Auth_middleware\models\movie.js">
          <metrics statements="4" coveredstatements="4" conditionals="0" coveredconditionals="0" methods="0" coveredmethods="0"/>
          <line num="1" count="2" type="stmt"/>
          <line num="2" count="2" type="stmt"/>
          <line num="30" count="2" type="stmt"/>
          <line num="32" count="2" type="stmt"/>
        </file>
        <file name="rentals.js" path="D:\Programing\Video_Tutorials\_MY_TRAINING\Javascript\_Node.js\The Complete Guide to Build RESTful APIs_2018\13. Integration Testing\13.Project_Testing_Auth_middleware\models\rentals.js">
          <metrics statements="5" coveredstatements="5" conditionals="0" coveredconditionals="0" methods="0" coveredmethods="0"/>
          <line num="1" count="2" type="stmt"/>
          <line num="2" count="2" type="stmt"/>
          <line num="3" count="2" type="stmt"/>
          <line num="13" count="2" type="stmt"/>
          <line num="15" count="2" type="stmt"/>
        </file>
        <file name="user.js" path="D:\Programing\Video_Tutorials\_MY_TRAINING\Javascript\_Node.js\The Complete Guide to Build RESTful APIs_2018\13. Integration Testing\13.Project_Testing_Auth_middleware\models\user.js">
          <metrics statements="9" coveredstatements="9" conditionals="0" coveredconditionals="0" methods="1" coveredmethods="1"/>
          <line num="1" count="4" type="stmt"/>
          <line num="2" count="4" type="stmt"/>
          <line num="3" count="4" type="stmt"/>
          <line num="5" count="4" type="stmt"/>
          <line num="39" count="4" type="stmt"/>
          <line num="41" count="17" type="stmt"/>
          <line num="43" count="17" type="stmt"/>
          <line num="56" count="4" type="stmt"/>
          <line num="59" count="4" type="stmt"/>
        </file>
      </package>
      <package name="13.Project_Testing_Auth_middleware.routes">
        <metrics statements="236" coveredstatements="100" conditionals="50" coveredconditionals="10" methods="27" coveredmethods="5"/>
        <file name="auth.js" path="D:\Programing\Video_Tutorials\_MY_TRAINING\Javascript\_Node.js\The Complete Guide to Build RESTful APIs_2018\13. Integration Testing\13.Project_Testing_Auth_middleware\routes\auth.js">
          <metrics statements="18" coveredstatements="7" conditionals="6" coveredconditionals="0" methods="1" coveredmethods="0"/>
          <line num="1" count="2" type="stmt"/>
          <line num="2" count="2" type="stmt"/>
          <line num="3" count="2" type="stmt"/>
          <line num="5" count="2" type="stmt"/>
          <line num="6" count="2" type="stmt"/>
          <line num="10" count="2" type="stmt"/>
          <line num="12" count="0" type="stmt"/>
          <line num="13" count="0" type="stmt"/>
          <line num="14" count="0" type="cond" truecount="0" falsecount="2"/>
          <line num="16" count="0" type="stmt"/>
          <line num="17" count="0" type="cond" truecount="0" falsecount="2"/>
          <line num="25" count="0" type="stmt"/>
          <line num="28" count="0" type="cond" truecount="0" falsecount="2"/>
          <line num="29" count="0" type="stmt"/>
          <line num="41" count="0" type="stmt"/>
          <line num="42" count="0" type="stmt"/>
          <line num="52" count="0" type="stmt"/>
          <line num="56" count="2" type="stmt"/>
        </file>
        <file name="customers.js" path="D:\Programing\Video_Tutorials\_MY_TRAINING\Javascript\_Node.js\The Complete Guide to Build RESTful APIs_2018\13. Integration Testing\13.Project_Testing_Auth_middleware\routes\customers.js">
          <metrics statements="46" coveredstatements="11" conditionals="10" coveredconditionals="0" methods="5" coveredmethods="0"/>
          <line num="1" count="2" type="stmt"/>
          <line num="2" count="2" type="stmt"/>
          <line num="3" count="2" type="stmt"/>
          <line num="4" count="2" type="stmt"/>
          <line num="6" count="2" type="stmt"/>
          <line num="8" count="2" type="stmt"/>
          <line num="9" count="0" type="stmt"/>
          <line num="10" count="0" type="stmt"/>
          <line num="11" count="0" type="stmt"/>
          <line num="14" count="0" type="stmt"/>
          <line num="16" count="0" type="stmt"/>
          <line num="20" count="2" type="stmt"/>
          <line num="21" count="0" type="stmt"/>
          <line num="22" count="0" type="stmt"/>
          <line num="23" count="0" type="cond" truecount="0" falsecount="2"/>
          <line num="24" count="0" type="stmt"/>
          <line num="27" count="0" type="stmt"/>
          <line num="29" count="0" type="stmt"/>
          <line num="33" count="2" type="stmt"/>
          <line num="34" count="0" type="stmt"/>
          <line num="35" count="0" type="stmt"/>
          <line num="36" count="0" type="cond" truecount="0" falsecount="2"/>
          <line num="38" count="0" type="stmt"/>
          <line num="42" count="0" type="stmt"/>
          <line num="43" count="0" type="stmt"/>
          <line num="46" count="0" type="stmt"/>
          <line num="48" count="0" type="stmt"/>
          <line num="52" count="2" type="stmt"/>
          <line num="53" count="0" type="stmt"/>
          <line num="54" count="0" type="stmt"/>
          <line num="55" count="0" type="cond" truecount="0" falsecount="2"/>
          <line num="57" count="0" type="stmt"/>
          <line num="58" count="0" type="cond" truecount="0" falsecount="2"/>
          <line num="63" count="0" type="stmt"/>
          <line num="64" count="0" type="stmt"/>
          <line num="65" count="0" type="stmt"/>
          <line num="68" count="0" type="stmt"/>
          <line num="70" count="0" type="stmt"/>
          <line num="74" count="2" type="stmt"/>
          <line num="75" count="0" type="stmt"/>
          <line num="76" count="0" type="stmt"/>
          <line num="77" count="0" type="cond" truecount="0" falsecount="2"/>
          <line num="78" count="0" type="stmt"/>
          <line num="81" count="0" type="stmt"/>
          <line num="83" count="0" type="stmt"/>
          <line num="87" count="2" type="stmt"/>
        </file>
        <file name="genres.js" path="D:\Programing\Video_Tutorials\_MY_TRAINING\Javascript\_Node.js\The Complete Guide to Build RESTful APIs_2018\13. Integration Testing\13.Project_Testing_Auth_middleware\routes\genres.js">
          <metrics statements="44" coveredstatements="39" conditionals="10" coveredconditionals="10" methods="5" coveredmethods="5"/>
          <line num="1" count="2" type="stmt"/>
          <line num="2" count="2" type="stmt"/>
          <line num="3" count="2" type="stmt"/>
          <line num="4" count="2" type="stmt"/>
          <line num="5" count="2" type="stmt"/>
          <line num="6" count="2" type="stmt"/>
          <line num="7" count="2" type="stmt"/>
          <line num="12" count="2" type="stmt"/>
          <line num="14" count="1" type="stmt"/>
          <line num="15" count="1" type="stmt"/>
          <line num="16" count="1" type="stmt"/>
          <line num="18" count="0" type="stmt"/>
          <line num="22" count="2" type="stmt"/>
          <line num="24" count="2" type="stmt"/>
          <line num="25" count="2" type="stmt"/>
          <line num="26" count="2" type="cond" truecount="2" falsecount="0"/>
          <line num="27" count="1" type="stmt"/>
          <line num="30" count="1" type="stmt"/>
          <line num="32" count="0" type="stmt"/>
          <line num="38" count="2" type="stmt"/>
          <line num="41" count="5" type="stmt"/>
          <line num="42" count="5" type="stmt"/>
          <line num="43" count="5" type="cond" truecount="2" falsecount="0"/>
          <line num="44" count="3" type="stmt"/>
          <line num="45" count="3" type="stmt"/>
          <line num="47" count="0" type="stmt"/>
          <line num="49" count="3" type="stmt"/>
          <line num="55" count="2" type="stmt"/>
          <line num="58" count="4" type="stmt"/>
          <line num="59" count="4" type="stmt"/>
          <line num="60" count="4" type="cond" truecount="2" falsecount="0"/>
          <line num="61" count="2" type="stmt"/>
          <line num="65" count="2" type="cond" truecount="2" falsecount="0"/>
          <line num="66" count="1" type="stmt"/>
          <line num="70" count="0" type="stmt"/>
          <line num="72" count="1" type="stmt"/>
          <line num="79" count="2" type="stmt"/>
          <line num="82" count="2" type="stmt"/>
          <line num="83" count="2" type="stmt"/>
          <line num="84" count="2" type="cond" truecount="2" falsecount="0"/>
          <line num="85" count="1" type="stmt"/>
          <line num="89" count="0" type="stmt"/>
          <line num="91" count="1" type="stmt"/>
          <line num="94" count="2" type="stmt"/>
        </file>
        <file name="home.js" path="D:\Programing\Video_Tutorials\_MY_TRAINING\Javascript\_Node.js\The Complete Guide to Build RESTful APIs_2018\13. Integration Testing\13.Project_Testing_Auth_middleware\routes\home.js">
          <metrics statements="5" coveredstatements="4" conditionals="0" coveredconditionals="0" methods="1" coveredmethods="0"/>
          <line num="1" count="2" type="stmt"/>
          <line num="3" count="2" type="stmt"/>
          <line num="5" count="2" type="stmt"/>
          <line num="6" count="0" type="stmt"/>
          <line num="9" count="2" type="stmt"/>
        </file>
        <file name="movies.js" path="D:\Programing\Video_Tutorials\_MY_TRAINING\Javascript\_Node.js\The Complete Guide to Build RESTful APIs_2018\13. Integration Testing\13.Project_Testing_Auth_middleware\routes\movies.js">
          <metrics statements="45" coveredstatements="12" conditionals="12" coveredconditionals="0" methods="5" coveredmethods="0"/>
          <line num="1" count="2" type="stmt"/>
          <line num="2" count="2" type="stmt"/>
          <line num="3" count="2" type="stmt"/>
          <line num="4" count="2" type="stmt"/>
          <line num="5" count="2" type="stmt"/>
          <line num="7" count="2" type="stmt"/>
          <line num="9" count="2" type="stmt"/>
          <line num="12" count="0" type="stmt"/>
          <line num="13" count="0" type="stmt"/>
          <line num="15" count="0" type="stmt"/>
          <line num="17" count="0" type="stmt"/>
          <line num="20" count="2" type="stmt"/>
          <line num="23" count="0" type="stmt"/>
          <line num="24" count="0" type="stmt"/>
          <line num="25" count="0" type="cond" truecount="0" falsecount="2"/>
          <line num="27" count="0" type="stmt"/>
          <line num="29" count="0" type="stmt"/>
          <line num="32" count="2" type="stmt"/>
          <line num="35" count="0" type="stmt"/>
          <line num="36" count="0" type="stmt"/>
          <line num="37" count="0" type="cond" truecount="0" falsecount="2"/>
          <line num="39" count="0" type="stmt"/>
          <line num="40" count="0" type="cond" truecount="0" falsecount="2"/>
          <line num="42" count="0" type="stmt"/>
          <line num="43" count="0" type="stmt"/>
          <line num="52" count="0" type="stmt"/>
          <line num="54" count="0" type="stmt"/>
          <line num="56" count="0" type="stmt"/>
          <line num="59" count="2" type="stmt"/>
          <line num="62" count="0" type="stmt"/>
          <line num="63" count="0" type="stmt"/>
          <line num="64" count="0" type="cond" truecount="0" falsecount="2"/>
          <line num="66" count="0" type="stmt"/>
          <line num="67" count="0" type="cond" truecount="0" falsecount="2"/>
          <line num="72" count="0" type="stmt"/>
          <line num="75" count="0" type="stmt"/>
          <line num="77" count="0" type="stmt"/>
          <line num="79" count="0" type="stmt"/>
          <line num="82" count="2" type="stmt"/>
          <line num="85" count="0" type="stmt"/>
          <line num="86" count="0" type="stmt"/>
          <line num="87" count="0" type="cond" truecount="0" falsecount="2"/>
          <line num="89" count="0" type="stmt"/>
          <line num="91" count="0" type="stmt"/>
          <line num="95" count="2" type="stmt"/>
        </file>
        <file name="rentals.js" path="D:\Programing\Video_Tutorials\_MY_TRAINING\Javascript\_Node.js\The Complete Guide to Build RESTful APIs_2018\13. Integration Testing\13.Project_Testing_Auth_middleware\routes\rentals.js">
          <metrics statements="43" coveredstatements="13" conditionals="4" coveredconditionals="0" methods="5" coveredmethods="0"/>
          <line num="1" count="2" type="stmt"/>
          <line num="2" count="2" type="stmt"/>
          <line num="3" count="2" type="stmt"/>
          <line num="4" count="2" type="stmt"/>
          <line num="5" count="2" type="stmt"/>
          <line num="6" count="2" type="stmt"/>
          <line num="7" count="2" type="stmt"/>
          <line num="8" count="2" type="stmt"/>
          <line num="9" count="2" type="stmt"/>
          <line num="10" count="2" type="stmt"/>
          <line num="12" count="2" type="stmt"/>
          <line num="15" count="0" type="stmt"/>
          <line num="16" count="0" type="stmt"/>
          <line num="18" count="0" type="stmt"/>
          <line num="20" count="0" type="stmt"/>
          <line num="23" count="2" type="stmt"/>
          <line num="26" count="0" type="stmt"/>
          <line num="27" count="0" type="stmt"/>
          <line num="28" count="0" type="cond" truecount="0" falsecount="2"/>
          <line num="30" count="0" type="stmt"/>
          <line num="31" count="0" type="cond" truecount="0" falsecount="2"/>
          <line num="33" count="0" type="stmt"/>
          <line num="38" count="0" type="stmt"/>
          <line num="39" count="0" type="stmt"/>
          <line num="46" count="0" type="stmt"/>
          <line num="47" count="0" type="stmt"/>
          <line num="48" count="0" type="stmt"/>
          <line num="49" count="0" type="stmt"/>
          <line num="50" count="0" type="stmt"/>
          <line num="52" count="0" type="stmt"/>
          <line num="53" count="0" type="stmt"/>
          <line num="59" count="0" type="stmt"/>
          <line num="61" count="0" type="stmt"/>
          <line num="62" count="0" type="stmt"/>
          <line num="63" count="0" type="stmt"/>
          <line num="64" count="0" type="stmt"/>
          <line num="65" count="0" type="stmt"/>
          <line num="70" count="0" type="stmt"/>
          <line num="73" count="0" type="stmt"/>
          <line num="75" count="0" type="stmt"/>
          <line num="78" count="0" type="stmt"/>
          <line num="80" count="0" type="stmt"/>
          <line num="84" count="2" type="stmt"/>
        </file>
        <file name="users.js" path="D:\Programing\Video_Tutorials\_MY_TRAINING\Javascript\_Node.js\The Complete Guide to Build RESTful APIs_2018\13. Integration Testing\13.Project_Testing_Auth_middleware\routes\users.js">
          <metrics statements="35" coveredstatements="14" conditionals="8" coveredconditionals="0" methods="5" coveredmethods="0"/>
          <line num="1" count="2" type="stmt"/>
          <line num="2" count="2" type="stmt"/>
          <line num="3" count="2" type="stmt"/>
          <line num="4" count="2" type="stmt"/>
          <line num="5" count="2" type="stmt"/>
          <line num="6" count="2" type="stmt"/>
          <line num="7" count="2" type="stmt"/>
          <line num="9" count="2" type="stmt"/>
          <line num="10" count="2" type="stmt"/>
          <line num="15" count="2" type="stmt"/>
          <line num="16" count="0" type="stmt"/>
          <line num="17" count="0" type="stmt"/>
          <line num="18" count="0" type="stmt"/>
          <line num="19" count="0" type="stmt"/>
          <line num="21" count="0" type="stmt"/>
          <line num="24" count="2" type="stmt"/>
          <line num="25" count="0" type="stmt"/>
          <line num="26" count="0" type="cond" truecount="0" falsecount="2"/>
          <line num="28" count="0" type="stmt"/>
          <line num="31" count="2" type="stmt"/>
          <line num="33" count="0" type="stmt"/>
          <line num="34" count="0" type="cond" truecount="0" falsecount="2"/>
          <line num="35" count="0" type="stmt"/>
          <line num="37" count="2" type="stmt"/>
          <line num="38" count="0" type="stmt"/>
          <line num="39" count="0" type="cond" truecount="0" falsecount="2"/>
          <line num="41" count="0" type="stmt"/>
          <line num="42" count="0" type="cond" truecount="0" falsecount="2"/>
          <line num="44" count="0" type="stmt"/>
          <line num="50" count="0" type="stmt"/>
          <line num="51" count="0" type="stmt"/>
          <line num="55" count="0" type="stmt"/>
          <line num="60" count="0" type="stmt"/>
          <line num="62" count="0" type="stmt"/>
          <line num="66" count="2" type="stmt"/>
        </file>
      </package>
      <package name="13.Project_Testing_Auth_middleware.startup">
        <metrics statements="57" coveredstatements="48" conditionals="4" coveredconditionals="2" methods="9" coveredmethods="8"/>
        <file name="config.js" path="D:\Programing\Video_Tutorials\_MY_TRAINING\Javascript\_Node.js\The Complete Guide to Build RESTful APIs_2018\13. Integration Testing\13.Project_Testing_Auth_middleware\startup\config.js">
          <metrics statements="4" coveredstatements="3" conditionals="2" coveredconditionals="1" methods="1" coveredmethods="1"/>
          <line num="1" count="2" type="stmt"/>
          <line num="3" count="2" type="stmt"/>
          <line num="4" count="2" type="cond" truecount="1" falsecount="1"/>
          <line num="5" count="0" type="stmt"/>
        </file>
        <file name="db.js" path="D:\Programing\Video_Tutorials\_MY_TRAINING\Javascript\_Node.js\The Complete Guide to Build RESTful APIs_2018\13. Integration Testing\13.Project_Testing_Auth_middleware\startup\db.js">
          <metrics statements="7" coveredstatements="7" conditionals="0" coveredconditionals="0" methods="2" coveredmethods="2"/>
          <line num="1" count="2" type="stmt"/>
          <line num="2" count="2" type="stmt"/>
          <line num="3" count="2" type="stmt"/>
          <line num="4" count="2" type="stmt"/>
          <line num="5" count="2" type="stmt"/>
          <line num="6" count="2" type="stmt"/>
          <line num="7" count="2" type="stmt"/>
        </file>
        <file name="development.js" path="D:\Programing\Video_Tutorials\_MY_TRAINING\Javascript\_Node.js\The Complete Guide to Build RESTful APIs_2018\13. Integration Testing\13.Project_Testing_Auth_middleware\startup\development.js">
          <metrics statements="12" coveredstatements="5" conditionals="2" coveredconditionals="1" methods="1" coveredmethods="1"/>
          <line num="1" count="2" type="stmt"/>
          <line num="2" count="2" type="stmt"/>
          <line num="3" count="2" type="stmt"/>
          <line num="4" count="2" type="stmt"/>
          <line num="5" count="2" type="cond" truecount="1" falsecount="1"/>
          <line num="6" count="0" type="stmt"/>
          <line num="7" count="0" type="stmt"/>
          <line num="8" count="0" type="stmt"/>
          <line num="14" count="0" type="stmt"/>
          <line num="15" count="0" type="stmt"/>
          <line num="16" count="0" type="stmt"/>
          <line num="17" count="0" type="stmt"/>
        </file>
        <file name="logging.js" path="D:\Programing\Video_Tutorials\_MY_TRAINING\Javascript\_Node.js\The Complete Guide to Build RESTful APIs_2018\13. Integration Testing\13.Project_Testing_Auth_middleware\startup\logging.js">
          <metrics statements="6" coveredstatements="5" conditionals="0" coveredconditionals="0" methods="2" coveredmethods="1"/>
          <line num="1" count="2" type="stmt"/>
          <line num="3" count="2" type="stmt"/>
          <line num="10" count="2" type="stmt"/>
          <line num="27" count="2" type="stmt"/>
          <line num="42" count="2" type="stmt"/>
          <line num="43" count="0" type="stmt"/>
        </file>
        <file name="routes.js" path="D:\Programing\Video_Tutorials\_MY_TRAINING\Javascript\_Node.js\The Complete Guide to Build RESTful APIs_2018\13. Integration Testing\13.Project_Testing_Auth_middleware\startup\routes.js">
          <metrics statements="21" coveredstatements="21" conditionals="0" coveredconditionals="0" methods="1" coveredmethods="1"/>
          <line num="1" count="2" type="stmt"/>
          <line num="2" count="2" type="stmt"/>
          <line num="3" count="2" type="stmt"/>
          <line num="4" count="2" type="stmt"/>
          <line num="5" count="2" type="stmt"/>
          <line num="6" count="2" type="stmt"/>
          <line num="7" count="2" type="stmt"/>
          <line num="8" count="2" type="stmt"/>
          <line num="9" count="2" type="stmt"/>
          <line num="11" count="2" type="stmt"/>
          <line num="12" count="2" type="stmt"/>
          <line num="13" count="2" type="stmt"/>
          <line num="14" count="2" type="stmt"/>
          <line num="15" count="2" type="stmt"/>
          <line num="16" count="2" type="stmt"/>
          <line num="17" count="2" type="stmt"/>
          <line num="18" count="2" type="stmt"/>
          <line num="19" count="2" type="stmt"/>
          <line num="20" count="2" type="stmt"/>
          <line num="21" count="2" type="stmt"/>
          <line num="23" count="2" type="stmt"/>
        </file>
        <file name="third-party.js" path="D:\Programing\Video_Tutorials\_MY_TRAINING\Javascript\_Node.js\The Complete Guide to Build RESTful APIs_2018\13. Integration Testing\13.Project_Testing_Auth_middleware\startup\third-party.js">
          <metrics statements="3" coveredstatements="3" conditionals="0" coveredconditionals="0" methods="1" coveredmethods="1"/>
          <line num="1" count="2" type="stmt"/>
          <line num="3" count="2" type="stmt"/>
          <line num="4" count="2" type="stmt"/>
        </file>
        <file name="view.js" path="D:\Programing\Video_Tutorials\_MY_TRAINING\Javascript\_Node.js\The Complete Guide to Build RESTful APIs_2018\13. Integration Testing\13.Project_Testing_Auth_middleware\startup\view.js">
          <metrics statements="4" coveredstatements="4" conditionals="0" coveredconditionals="0" methods="1" coveredmethods="1"/>
          <line num="1" count="2" type="stmt"/>
          <line num="3" count="2" type="stmt"/>
          <line num="4" count="2" type="stmt"/>
          <line num="5" count="2" type="stmt"/>
        </file>
      </package>
    </metrics>
  </project>
</coverage>
