{"D:\\Programing\\Video_Tutorials\\_MY_TRAINING\\Javascript\\_Node.js\\The Complete Guide to Build RESTful APIs_2018\\13. Integration Testing\\13.Project_Testing_Auth_middleware\\index.js": {"path":"D:\\Programing\\Video_Tutorials\\_MY_TRAINING\\Javascript\\_Node.js\\The Complete Guide to Build RESTful APIs_2018\\13. Integration Testing\\13.Project_Testing_Auth_middleware\\index.js","statementMap":{"0":{"start":{"line":1,"column":16},"end":{"line":1,"column":34}},"1":{"start":{"line":2,"column":12},"end":{"line":2,"column":21}},"2":{"start":{"line":3,"column":0},"end":{"line":3,"column":26}},"3":{"start":{"line":4,"column":0},"end":{"line":4,"column":38}},"4":{"start":{"line":5,"column":0},"end":{"line":5,"column":33}},"5":{"start":{"line":6,"column":0},"end":{"line":6,"column":31}},"6":{"start":{"line":7,"column":0},"end":{"line":7,"column":30}},"7":{"start":{"line":8,"column":0},"end":{"line":8,"column":38}},"8":{"start":{"line":9,"column":0},"end":{"line":9,"column":31}},"9":{"start":{"line":11,"column":0},"end":{"line":11,"column":21}}},"fnMap":{},"branchMap":{},"s":{"0":2,"1":2,"2":2,"3":2,"4":2,"5":2,"6":2,"7":2,"8":2,"9":2},"f":{},"b":{},"_coverageSchema":"332fd63041d2c1bcb487cc26dd0d5f7d97098a6c","hash":"351c6c2383f0b6d0041cb6d71ebd3e4ccc8f24fc"}
,"D:\\Programing\\Video_Tutorials\\_MY_TRAINING\\Javascript\\_Node.js\\The Complete Guide to Build RESTful APIs_2018\\13. Integration Testing\\13.Project_Testing_Auth_middleware\\helpers\\joi_validation.js": {"path":"D:\\Programing\\Video_Tutorials\\_MY_TRAINING\\Javascript\\_Node.js\\The Complete Guide to Build RESTful APIs_2018\\13. Integration Testing\\13.Project_Testing_Auth_middleware\\helpers\\joi_validation.js","statementMap":{"0":{"start":{"line":1,"column":12},"end":{"line":1,"column":26}},"1":{"start":{"line":4,"column":19},"end":{"line":6,"column":6}},"2":{"start":{"line":7,"column":4},"end":{"line":7,"column":41}},"3":{"start":{"line":10,"column":19},"end":{"line":12,"column":6}},"4":{"start":{"line":13,"column":4},"end":{"line":13,"column":42}},"5":{"start":{"line":16,"column":19},"end":{"line":23,"column":6}},"6":{"start":{"line":24,"column":4},"end":{"line":24,"column":39}},"7":{"start":{"line":27,"column":19},"end":{"line":29,"column":6}},"8":{"start":{"line":30,"column":4},"end":{"line":30,"column":39}},"9":{"start":{"line":33,"column":19},"end":{"line":38,"column":6}},"10":{"start":{"line":39,"column":4},"end":{"line":39,"column":41}},"11":{"start":{"line":44,"column":26},"end":{"line":44,"column":49}},"12":{"start":{"line":45,"column":19},"end":{"line":49,"column":6}},"13":{"start":{"line":50,"column":4},"end":{"line":50,"column":38}},"14":{"start":{"line":55,"column":26},"end":{"line":55,"column":49}},"15":{"start":{"line":56,"column":19},"end":{"line":59,"column":6}},"16":{"start":{"line":60,"column":4},"end":{"line":60,"column":38}},"17":{"start":{"line":62,"column":0},"end":{"line":70,"column":2}}},"fnMap":{"0":{"name":"validateWithJoi","decl":{"start":{"line":3,"column":9},"end":{"line":3,"column":24}},"loc":{"start":{"line":3,"column":34},"end":{"line":8,"column":1}},"line":3},"1":{"name":"validatePhoneWithJoi","decl":{"start":{"line":9,"column":9},"end":{"line":9,"column":29}},"loc":{"start":{"line":9,"column":40},"end":{"line":14,"column":1}},"line":9},"2":{"name":"validateMovieWithJoi","decl":{"start":{"line":15,"column":9},"end":{"line":15,"column":29}},"loc":{"start":{"line":15,"column":37},"end":{"line":25,"column":1}},"line":15},"3":{"name":"validateMovieTitleWithJoi","decl":{"start":{"line":26,"column":9},"end":{"line":26,"column":34}},"loc":{"start":{"line":26,"column":42},"end":{"line":31,"column":1}},"line":26},"4":{"name":"validateRentalsWithJoi","decl":{"start":{"line":32,"column":9},"end":{"line":32,"column":31}},"loc":{"start":{"line":32,"column":41},"end":{"line":40,"column":1}},"line":32},"5":{"name":"validateUserWithJoi","decl":{"start":{"line":41,"column":9},"end":{"line":41,"column":28}},"loc":{"start":{"line":41,"column":35},"end":{"line":51,"column":1}},"line":41},"6":{"name":"validateAuthWithJoi","decl":{"start":{"line":52,"column":9},"end":{"line":52,"column":28}},"loc":{"start":{"line":52,"column":35},"end":{"line":61,"column":1}},"line":52}},"branchMap":{},"s":{"0":2,"1":9,"2":9,"3":0,"4":0,"5":0,"6":0,"7":0,"8":0,"9":0,"10":0,"11":0,"12":0,"13":0,"14":0,"15":0,"16":0,"17":2},"f":{"0":9,"1":0,"2":0,"3":0,"4":0,"5":0,"6":0},"b":{},"_coverageSchema":"332fd63041d2c1bcb487cc26dd0d5f7d97098a6c","hash":"be2a95906758485372f7fff55a22fc8f9ef212c4"}
,"D:\\Programing\\Video_Tutorials\\_MY_TRAINING\\Javascript\\_Node.js\\The Complete Guide to Build RESTful APIs_2018\\13. Integration Testing\\13.Project_Testing_Auth_middleware\\middleware\\admin.js": {"path":"D:\\Programing\\Video_Tutorials\\_MY_TRAINING\\Javascript\\_Node.js\\The Complete Guide to Build RESTful APIs_2018\\13. Integration Testing\\13.Project_Testing_Auth_middleware\\middleware\\admin.js","statementMap":{"0":{"start":{"line":1,"column":0},"end":{"line":7,"column":2}},"1":{"start":{"line":5,"column":4},"end":{"line":5,"column":73}},"2":{"start":{"line":5,"column":27},"end":{"line":5,"column":73}},"3":{"start":{"line":6,"column":4},"end":{"line":6,"column":18}}},"fnMap":{"0":{"name":"(anonymous_0)","decl":{"start":{"line":1,"column":17},"end":{"line":1,"column":18}},"loc":{"start":{"line":1,"column":42},"end":{"line":7,"column":1}},"line":1}},"branchMap":{"0":{"loc":{"start":{"line":5,"column":4},"end":{"line":5,"column":73}},"type":"if","locations":[{"start":{"line":5,"column":4},"end":{"line":5,"column":73}},{"start":{"line":5,"column":4},"end":{"line":5,"column":73}}],"line":5}},"s":{"0":2,"1":3,"2":1,"3":2},"f":{"0":3},"b":{"0":[1,2]},"_coverageSchema":"332fd63041d2c1bcb487cc26dd0d5f7d97098a6c","hash":"67a9dce1bf01a4fb9533fcc485f61eaaeb4d3691"}
,"D:\\Programing\\Video_Tutorials\\_MY_TRAINING\\Javascript\\_Node.js\\The Complete Guide to Build RESTful APIs_2018\\13. Integration Testing\\13.Project_Testing_Auth_middleware\\middleware\\auth.js": {"path":"D:\\Programing\\Video_Tutorials\\_MY_TRAINING\\Javascript\\_Node.js\\The Complete Guide to Build RESTful APIs_2018\\13. Integration Testing\\13.Project_Testing_Auth_middleware\\middleware\\auth.js","statementMap":{"0":{"start":{"line":2,"column":12},"end":{"line":2,"column":35}},"1":{"start":{"line":3,"column":15},"end":{"line":3,"column":32}},"2":{"start":{"line":7,"column":18},"end":{"line":7,"column":44}},"3":{"start":{"line":8,"column":4},"end":{"line":10,"column":5}},"4":{"start":{"line":9,"column":8},"end":{"line":9,"column":73}},"5":{"start":{"line":12,"column":4},"end":{"line":23,"column":5}},"6":{"start":{"line":18,"column":24},"end":{"line":18,"column":70}},"7":{"start":{"line":19,"column":8},"end":{"line":19,"column":27}},"8":{"start":{"line":20,"column":8},"end":{"line":20,"column":22}},"9":{"start":{"line":22,"column":8},"end":{"line":22,"column":54}},"10":{"start":{"line":26,"column":0},"end":{"line":26,"column":22}}},"fnMap":{"0":{"name":"auth","decl":{"start":{"line":6,"column":9},"end":{"line":6,"column":13}},"loc":{"start":{"line":6,"column":30},"end":{"line":24,"column":1}},"line":6}},"branchMap":{"0":{"loc":{"start":{"line":8,"column":4},"end":{"line":10,"column":5}},"type":"if","locations":[{"start":{"line":8,"column":4},"end":{"line":10,"column":5}},{"start":{"line":8,"column":4},"end":{"line":10,"column":5}}],"line":8}},"s":{"0":3,"1":3,"2":16,"3":16,"4":2,"5":14,"6":14,"7":13,"8":13,"9":1,"10":3},"f":{"0":16},"b":{"0":[2,14]},"_coverageSchema":"332fd63041d2c1bcb487cc26dd0d5f7d97098a6c","hash":"b17f5adbde93d006f817ac0440c26440a8c2fe66"}
,"D:\\Programing\\Video_Tutorials\\_MY_TRAINING\\Javascript\\_Node.js\\The Complete Guide to Build RESTful APIs_2018\\13. Integration Testing\\13.Project_Testing_Auth_middleware\\middleware\\error.js": {"path":"D:\\Programing\\Video_Tutorials\\_MY_TRAINING\\Javascript\\_Node.js\\The Complete Guide to Build RESTful APIs_2018\\13. Integration Testing\\13.Project_Testing_Auth_middleware\\middleware\\error.js","statementMap":{"0":{"start":{"line":1,"column":16},"end":{"line":1,"column":34}},"1":{"start":{"line":3,"column":0},"end":{"line":16,"column":2}},"2":{"start":{"line":5,"column":4},"end":{"line":5,"column":36}},"3":{"start":{"line":15,"column":4},"end":{"line":15,"column":52}}},"fnMap":{"0":{"name":"(anonymous_0)","decl":{"start":{"line":3,"column":17},"end":{"line":3,"column":18}},"loc":{"start":{"line":3,"column":47},"end":{"line":16,"column":1}},"line":3}},"branchMap":{},"s":{"0":2,"1":2,"2":0,"3":0},"f":{"0":0},"b":{},"_coverageSchema":"332fd63041d2c1bcb487cc26dd0d5f7d97098a6c","hash":"9af110eb4f2466b7acdaa44a48c1055fd594507c"}
,"D:\\Programing\\Video_Tutorials\\_MY_TRAINING\\Javascript\\_Node.js\\The Complete Guide to Build RESTful APIs_2018\\13. Integration Testing\\13.Project_Testing_Auth_middleware\\middleware\\validate.ObjectId.js": {"path":"D:\\Programing\\Video_Tutorials\\_MY_TRAINING\\Javascript\\_Node.js\\The Complete Guide to Build RESTful APIs_2018\\13. Integration Testing\\13.Project_Testing_Auth_middleware\\middleware\\validate.ObjectId.js","statementMap":{"0":{"start":{"line":1,"column":17},"end":{"line":1,"column":36}},"1":{"start":{"line":3,"column":0},"end":{"line":8,"column":2}},"2":{"start":{"line":4,"column":4},"end":{"line":6,"column":5}},"3":{"start":{"line":5,"column":8},"end":{"line":5,"column":51}},"4":{"start":{"line":7,"column":4},"end":{"line":7,"column":18}}},"fnMap":{"0":{"name":"(anonymous_0)","decl":{"start":{"line":3,"column":17},"end":{"line":3,"column":18}},"loc":{"start":{"line":3,"column":42},"end":{"line":8,"column":1}},"line":3}},"branchMap":{"0":{"loc":{"start":{"line":4,"column":4},"end":{"line":6,"column":5}},"type":"if","locations":[{"start":{"line":4,"column":4},"end":{"line":6,"column":5}},{"start":{"line":4,"column":4},"end":{"line":6,"column":5}}],"line":4}},"s":{"0":2,"1":2,"2":3,"3":1,"4":2},"f":{"0":3},"b":{"0":[1,2]},"_coverageSchema":"332fd63041d2c1bcb487cc26dd0d5f7d97098a6c","hash":"1d37653a4f0b59f2e1f87cad1741c00c34da225d"}
,"D:\\Programing\\Video_Tutorials\\_MY_TRAINING\\Javascript\\_Node.js\\The Complete Guide to Build RESTful APIs_2018\\13. Integration Testing\\13.Project_Testing_Auth_middleware\\models\\customer.js": {"path":"D:\\Programing\\Video_Tutorials\\_MY_TRAINING\\Javascript\\_Node.js\\The Complete Guide to Build RESTful APIs_2018\\13. Integration Testing\\13.Project_Testing_Auth_middleware\\models\\customer.js","statementMap":{"0":{"start":{"line":1,"column":17},"end":{"line":1,"column":36}},"1":{"start":{"line":3,"column":23},"end":{"line":20,"column":2}},"2":{"start":{"line":21,"column":17},"end":{"line":21,"column":59}},"3":{"start":{"line":23,"column":0},"end":{"line":23,"column":46}}},"fnMap":{},"branchMap":{},"s":{"0":2,"1":2,"2":2,"3":2},"f":{},"b":{},"_coverageSchema":"332fd63041d2c1bcb487cc26dd0d5f7d97098a6c","hash":"e2b3283a54291052700402fe7069d1069067d4af"}
,"D:\\Programing\\Video_Tutorials\\_MY_TRAINING\\Javascript\\_Node.js\\The Complete Guide to Build RESTful APIs_2018\\13. Integration Testing\\13.Project_Testing_Auth_middleware\\models\\genre.js": {"path":"D:\\Programing\\Video_Tutorials\\_MY_TRAINING\\Javascript\\_Node.js\\The Complete Guide to Build RESTful APIs_2018\\13. Integration Testing\\13.Project_Testing_Auth_middleware\\models\\genre.js","statementMap":{"0":{"start":{"line":1,"column":17},"end":{"line":1,"column":36}},"1":{"start":{"line":2,"column":20},"end":{"line":9,"column":2}},"2":{"start":{"line":10,"column":14},"end":{"line":10,"column":50}},"3":{"start":{"line":13,"column":0},"end":{"line":13,"column":40}}},"fnMap":{},"branchMap":{},"s":{"0":2,"1":2,"2":2,"3":2},"f":{},"b":{},"_coverageSchema":"332fd63041d2c1bcb487cc26dd0d5f7d97098a6c","hash":"7b6ff0e90cb356d6a36c6f59dc5a1f91dbb2e67e"}
,"D:\\Programing\\Video_Tutorials\\_MY_TRAINING\\Javascript\\_Node.js\\The Complete Guide to Build RESTful APIs_2018\\13. Integration Testing\\13.Project_Testing_Auth_middleware\\models\\movie.js": {"path":"D:\\Programing\\Video_Tutorials\\_MY_TRAINING\\Javascript\\_Node.js\\The Complete Guide to Build RESTful APIs_2018\\13. Integration Testing\\13.Project_Testing_Auth_middleware\\models\\movie.js","statementMap":{"0":{"start":{"line":1,"column":17},"end":{"line":1,"column":36}},"1":{"start":{"line":2,"column":20},"end":{"line":29,"column":2}},"2":{"start":{"line":30,"column":14},"end":{"line":30,"column":50}},"3":{"start":{"line":32,"column":0},"end":{"line":32,"column":40}}},"fnMap":{},"branchMap":{},"s":{"0":2,"1":2,"2":2,"3":2},"f":{},"b":{},"_coverageSchema":"332fd63041d2c1bcb487cc26dd0d5f7d97098a6c","hash":"62ffe06f88ec857a8b208bdfbf457a48af5696b1"}
,"D:\\Programing\\Video_Tutorials\\_MY_TRAINING\\Javascript\\_Node.js\\The Complete Guide to Build RESTful APIs_2018\\13. Integration Testing\\13.Project_Testing_Auth_middleware\\models\\rentals.js": {"path":"D:\\Programing\\Video_Tutorials\\_MY_TRAINING\\Javascript\\_Node.js\\The Complete Guide to Build RESTful APIs_2018\\13. Integration Testing\\13.Project_Testing_Auth_middleware\\models\\rentals.js","statementMap":{"0":{"start":{"line":1,"column":17},"end":{"line":1,"column":36}},"1":{"start":{"line":2,"column":24},"end":{"line":2,"column":42}},"2":{"start":{"line":3,"column":22},"end":{"line":12,"column":2}},"3":{"start":{"line":13,"column":16},"end":{"line":13,"column":56}},"4":{"start":{"line":15,"column":0},"end":{"line":15,"column":44}}},"fnMap":{},"branchMap":{},"s":{"0":2,"1":2,"2":2,"3":2,"4":2},"f":{},"b":{},"_coverageSchema":"332fd63041d2c1bcb487cc26dd0d5f7d97098a6c","hash":"1351b89889668fc17e10d87ba4609aff3c6a2d00"}
,"D:\\Programing\\Video_Tutorials\\_MY_TRAINING\\Javascript\\_Node.js\\The Complete Guide to Build RESTful APIs_2018\\13. Integration Testing\\13.Project_Testing_Auth_middleware\\models\\user.js": {"path":"D:\\Programing\\Video_Tutorials\\_MY_TRAINING\\Javascript\\_Node.js\\The Complete Guide to Build RESTful APIs_2018\\13. Integration Testing\\13.Project_Testing_Auth_middleware\\models\\user.js","statementMap":{"0":{"start":{"line":1,"column":17},"end":{"line":1,"column":36}},"1":{"start":{"line":2,"column":12},"end":{"line":2,"column":35}},"2":{"start":{"line":3,"column":15},"end":{"line":3,"column":32}},"3":{"start":{"line":5,"column":19},"end":{"line":29,"column":2}},"4":{"start":{"line":39,"column":0},"end":{"line":45,"column":3}},"5":{"start":{"line":41,"column":22},"end":{"line":42,"column":40}},"6":{"start":{"line":43,"column":8},"end":{"line":43,"column":21}},"7":{"start":{"line":56,"column":13},"end":{"line":56,"column":47}},"8":{"start":{"line":59,"column":0},"end":{"line":59,"column":38}}},"fnMap":{"0":{"name":"(anonymous_0)","decl":{"start":{"line":40,"column":23},"end":{"line":40,"column":24}},"loc":{"start":{"line":40,"column":34},"end":{"line":44,"column":5}},"line":40}},"branchMap":{},"s":{"0":4,"1":4,"2":4,"3":4,"4":4,"5":17,"6":17,"7":4,"8":4},"f":{"0":17},"b":{},"_coverageSchema":"332fd63041d2c1bcb487cc26dd0d5f7d97098a6c","hash":"ede09f6cb6887183aa321dd3ee8b83921ceb5024"}
,"D:\\Programing\\Video_Tutorials\\_MY_TRAINING\\Javascript\\_Node.js\\The Complete Guide to Build RESTful APIs_2018\\13. Integration Testing\\13.Project_Testing_Auth_middleware\\routes\\auth.js": {"path":"D:\\Programing\\Video_Tutorials\\_MY_TRAINING\\Javascript\\_Node.js\\The Complete Guide to Build RESTful APIs_2018\\13. Integration Testing\\13.Project_Testing_Auth_middleware\\routes\\auth.js","statementMap":{"0":{"start":{"line":1,"column":15},"end":{"line":1,"column":32}},"1":{"start":{"line":2,"column":16},"end":{"line":2,"column":34}},"2":{"start":{"line":3,"column":15},"end":{"line":3,"column":31}},"3":{"start":{"line":5,"column":17},"end":{"line":5,"column":42}},"4":{"start":{"line":6,"column":32},"end":{"line":6,"column":68}},"5":{"start":{"line":10,"column":0},"end":{"line":54,"column":3}},"6":{"start":{"line":12,"column":4},"end":{"line":53,"column":5}},"7":{"start":{"line":13,"column":26},"end":{"line":13,"column":55}},"8":{"start":{"line":14,"column":8},"end":{"line":14,"column":73}},"9":{"start":{"line":14,"column":19},"end":{"line":14,"column":73}},"10":{"start":{"line":16,"column":21},"end":{"line":16,"column":66}},"11":{"start":{"line":17,"column":8},"end":{"line":17,"column":77}},"12":{"start":{"line":17,"column":19},"end":{"line":17,"column":77}},"13":{"start":{"line":25,"column":30},"end":{"line":27,"column":26}},"14":{"start":{"line":28,"column":8},"end":{"line":30,"column":9}},"15":{"start":{"line":29,"column":12},"end":{"line":29,"column":70}},"16":{"start":{"line":41,"column":22},"end":{"line":41,"column":46}},"17":{"start":{"line":42,"column":8},"end":{"line":42,"column":31}},"18":{"start":{"line":52,"column":8},"end":{"line":52,"column":24}},"19":{"start":{"line":56,"column":0},"end":{"line":56,"column":34}}},"fnMap":{"0":{"name":"(anonymous_0)","decl":{"start":{"line":10,"column":17},"end":{"line":10,"column":18}},"loc":{"start":{"line":10,"column":48},"end":{"line":54,"column":1}},"line":10}},"branchMap":{"0":{"loc":{"start":{"line":14,"column":8},"end":{"line":14,"column":73}},"type":"if","locations":[{"start":{"line":14,"column":8},"end":{"line":14,"column":73}},{"start":{"line":14,"column":8},"end":{"line":14,"column":73}}],"line":14},"1":{"loc":{"start":{"line":17,"column":8},"end":{"line":17,"column":77}},"type":"if","locations":[{"start":{"line":17,"column":8},"end":{"line":17,"column":77}},{"start":{"line":17,"column":8},"end":{"line":17,"column":77}}],"line":17},"2":{"loc":{"start":{"line":28,"column":8},"end":{"line":30,"column":9}},"type":"if","locations":[{"start":{"line":28,"column":8},"end":{"line":30,"column":9}},{"start":{"line":28,"column":8},"end":{"line":30,"column":9}}],"line":28}},"s":{"0":2,"1":2,"2":2,"3":2,"4":2,"5":2,"6":0,"7":0,"8":0,"9":0,"10":0,"11":0,"12":0,"13":0,"14":0,"15":0,"16":0,"17":0,"18":0,"19":2},"f":{"0":0},"b":{"0":[0,0],"1":[0,0],"2":[0,0]},"_coverageSchema":"332fd63041d2c1bcb487cc26dd0d5f7d97098a6c","hash":"18dcf047e096ccdcf52502805a25c339087230b7"}
,"D:\\Programing\\Video_Tutorials\\_MY_TRAINING\\Javascript\\_Node.js\\The Complete Guide to Build RESTful APIs_2018\\13. Integration Testing\\13.Project_Testing_Auth_middleware\\routes\\customers.js": {"path":"D:\\Programing\\Video_Tutorials\\_MY_TRAINING\\Javascript\\_Node.js\\The Complete Guide to Build RESTful APIs_2018\\13. Integration Testing\\13.Project_Testing_Auth_middleware\\routes\\customers.js","statementMap":{"0":{"start":{"line":1,"column":13},"end":{"line":1,"column":42}},"1":{"start":{"line":2,"column":16},"end":{"line":2,"column":34}},"2":{"start":{"line":3,"column":15},"end":{"line":3,"column":31}},"3":{"start":{"line":4,"column":21},"end":{"line":4,"column":50}},"4":{"start":{"line":6,"column":29},"end":{"line":6,"column":65}},"5":{"start":{"line":8,"column":0},"end":{"line":18,"column":3}},"6":{"start":{"line":9,"column":4},"end":{"line":17,"column":5}},"7":{"start":{"line":10,"column":26},"end":{"line":10,"column":65}},"8":{"start":{"line":11,"column":8},"end":{"line":11,"column":35}},"9":{"start":{"line":14,"column":8},"end":{"line":14,"column":35}},"10":{"start":{"line":16,"column":8},"end":{"line":16,"column":56}},"11":{"start":{"line":20,"column":0},"end":{"line":31,"column":3}},"12":{"start":{"line":21,"column":4},"end":{"line":30,"column":5}},"13":{"start":{"line":22,"column":25},"end":{"line":22,"column":63}},"14":{"start":{"line":23,"column":8},"end":{"line":23,"column":72}},"15":{"start":{"line":23,"column":23},"end":{"line":23,"column":72}},"16":{"start":{"line":24,"column":8},"end":{"line":24,"column":34}},"17":{"start":{"line":27,"column":8},"end":{"line":27,"column":35}},"18":{"start":{"line":29,"column":8},"end":{"line":29,"column":56}},"19":{"start":{"line":33,"column":0},"end":{"line":50,"column":3}},"20":{"start":{"line":34,"column":4},"end":{"line":49,"column":5}},"21":{"start":{"line":35,"column":26},"end":{"line":35,"column":51}},"22":{"start":{"line":36,"column":8},"end":{"line":36,"column":73}},"23":{"start":{"line":36,"column":19},"end":{"line":36,"column":73}},"24":{"start":{"line":38,"column":23},"end":{"line":41,"column":10}},"25":{"start":{"line":42,"column":8},"end":{"line":42,"column":41}},"26":{"start":{"line":43,"column":8},"end":{"line":43,"column":34}},"27":{"start":{"line":46,"column":8},"end":{"line":46,"column":35}},"28":{"start":{"line":48,"column":8},"end":{"line":48,"column":56}},"29":{"start":{"line":52,"column":0},"end":{"line":72,"column":3}},"30":{"start":{"line":53,"column":4},"end":{"line":71,"column":5}},"31":{"start":{"line":54,"column":26},"end":{"line":54,"column":56}},"32":{"start":{"line":55,"column":8},"end":{"line":55,"column":73}},"33":{"start":{"line":55,"column":19},"end":{"line":55,"column":73}},"34":{"start":{"line":57,"column":23},"end":{"line":57,"column":61}},"35":{"start":{"line":58,"column":8},"end":{"line":58,"column":72}},"36":{"start":{"line":58,"column":23},"end":{"line":58,"column":72}},"37":{"start":{"line":63,"column":8},"end":{"line":63,"column":40}},"38":{"start":{"line":64,"column":8},"end":{"line":64,"column":41}},"39":{"start":{"line":65,"column":8},"end":{"line":65,"column":34}},"40":{"start":{"line":68,"column":8},"end":{"line":68,"column":35}},"41":{"start":{"line":70,"column":8},"end":{"line":70,"column":56}},"42":{"start":{"line":74,"column":0},"end":{"line":85,"column":3}},"43":{"start":{"line":75,"column":4},"end":{"line":84,"column":5}},"44":{"start":{"line":76,"column":25},"end":{"line":76,"column":72}},"45":{"start":{"line":77,"column":8},"end":{"line":77,"column":72}},"46":{"start":{"line":77,"column":23},"end":{"line":77,"column":72}},"47":{"start":{"line":78,"column":8},"end":{"line":78,"column":34}},"48":{"start":{"line":81,"column":8},"end":{"line":81,"column":35}},"49":{"start":{"line":83,"column":8},"end":{"line":83,"column":56}},"50":{"start":{"line":87,"column":0},"end":{"line":87,"column":39}}},"fnMap":{"0":{"name":"(anonymous_0)","decl":{"start":{"line":8,"column":16},"end":{"line":8,"column":17}},"loc":{"start":{"line":8,"column":41},"end":{"line":18,"column":1}},"line":8},"1":{"name":"(anonymous_1)","decl":{"start":{"line":20,"column":19},"end":{"line":20,"column":20}},"loc":{"start":{"line":20,"column":44},"end":{"line":31,"column":1}},"line":20},"2":{"name":"(anonymous_2)","decl":{"start":{"line":33,"column":23},"end":{"line":33,"column":24}},"loc":{"start":{"line":33,"column":48},"end":{"line":50,"column":1}},"line":33},"3":{"name":"(anonymous_3)","decl":{"start":{"line":52,"column":25},"end":{"line":52,"column":26}},"loc":{"start":{"line":52,"column":50},"end":{"line":72,"column":1}},"line":52},"4":{"name":"(anonymous_4)","decl":{"start":{"line":74,"column":28},"end":{"line":74,"column":29}},"loc":{"start":{"line":74,"column":53},"end":{"line":85,"column":1}},"line":74}},"branchMap":{"0":{"loc":{"start":{"line":23,"column":8},"end":{"line":23,"column":72}},"type":"if","locations":[{"start":{"line":23,"column":8},"end":{"line":23,"column":72}},{"start":{"line":23,"column":8},"end":{"line":23,"column":72}}],"line":23},"1":{"loc":{"start":{"line":36,"column":8},"end":{"line":36,"column":73}},"type":"if","locations":[{"start":{"line":36,"column":8},"end":{"line":36,"column":73}},{"start":{"line":36,"column":8},"end":{"line":36,"column":73}}],"line":36},"2":{"loc":{"start":{"line":55,"column":8},"end":{"line":55,"column":73}},"type":"if","locations":[{"start":{"line":55,"column":8},"end":{"line":55,"column":73}},{"start":{"line":55,"column":8},"end":{"line":55,"column":73}}],"line":55},"3":{"loc":{"start":{"line":58,"column":8},"end":{"line":58,"column":72}},"type":"if","locations":[{"start":{"line":58,"column":8},"end":{"line":58,"column":72}},{"start":{"line":58,"column":8},"end":{"line":58,"column":72}}],"line":58},"4":{"loc":{"start":{"line":77,"column":8},"end":{"line":77,"column":72}},"type":"if","locations":[{"start":{"line":77,"column":8},"end":{"line":77,"column":72}},{"start":{"line":77,"column":8},"end":{"line":77,"column":72}}],"line":77}},"s":{"0":2,"1":2,"2":2,"3":2,"4":2,"5":2,"6":0,"7":0,"8":0,"9":0,"10":0,"11":2,"12":0,"13":0,"14":0,"15":0,"16":0,"17":0,"18":0,"19":2,"20":0,"21":0,"22":0,"23":0,"24":0,"25":0,"26":0,"27":0,"28":0,"29":2,"30":0,"31":0,"32":0,"33":0,"34":0,"35":0,"36":0,"37":0,"38":0,"39":0,"40":0,"41":0,"42":2,"43":0,"44":0,"45":0,"46":0,"47":0,"48":0,"49":0,"50":2},"f":{"0":0,"1":0,"2":0,"3":0,"4":0},"b":{"0":[0,0],"1":[0,0],"2":[0,0],"3":[0,0],"4":[0,0]},"_coverageSchema":"332fd63041d2c1bcb487cc26dd0d5f7d97098a6c","hash":"10ac96c90bf0bb88a4afe512f3431c82c47df8fa"}
,"D:\\Programing\\Video_Tutorials\\_MY_TRAINING\\Javascript\\_Node.js\\The Complete Guide to Build RESTful APIs_2018\\13. Integration Testing\\13.Project_Testing_Auth_middleware\\routes\\genres.js": {"path":"D:\\Programing\\Video_Tutorials\\_MY_TRAINING\\Javascript\\_Node.js\\The Complete Guide to Build RESTful APIs_2018\\13. Integration Testing\\13.Project_Testing_Auth_middleware\\routes\\genres.js","statementMap":{"0":{"start":{"line":1,"column":14},"end":{"line":1,"column":44}},"1":{"start":{"line":2,"column":13},"end":{"line":2,"column":42}},"2":{"start":{"line":3,"column":16},"end":{"line":3,"column":34}},"3":{"start":{"line":4,"column":15},"end":{"line":4,"column":31}},"4":{"start":{"line":5,"column":18},"end":{"line":5,"column":44}},"5":{"start":{"line":6,"column":28},"end":{"line":6,"column":64}},"6":{"start":{"line":7,"column":25},"end":{"line":7,"column":67}},"7":{"start":{"line":12,"column":0},"end":{"line":20,"column":3}},"8":{"start":{"line":14,"column":4},"end":{"line":19,"column":5}},"9":{"start":{"line":15,"column":23},"end":{"line":15,"column":54}},"10":{"start":{"line":16,"column":8},"end":{"line":16,"column":32}},"11":{"start":{"line":18,"column":8},"end":{"line":18,"column":24}},"12":{"start":{"line":22,"column":0},"end":{"line":34,"column":3}},"13":{"start":{"line":24,"column":4},"end":{"line":33,"column":5}},"14":{"start":{"line":25,"column":22},"end":{"line":25,"column":57}},"15":{"start":{"line":26,"column":8},"end":{"line":29,"column":9}},"16":{"start":{"line":27,"column":12},"end":{"line":28,"column":68}},"17":{"start":{"line":30,"column":8},"end":{"line":30,"column":31}},"18":{"start":{"line":32,"column":8},"end":{"line":32,"column":24}},"19":{"start":{"line":38,"column":0},"end":{"line":50,"column":3}},"20":{"start":{"line":41,"column":4},"end":{"line":48,"column":5}},"21":{"start":{"line":42,"column":26},"end":{"line":42,"column":51}},"22":{"start":{"line":43,"column":8},"end":{"line":43,"column":73}},"23":{"start":{"line":43,"column":19},"end":{"line":43,"column":73}},"24":{"start":{"line":44,"column":8},"end":{"line":44,"column":51}},"25":{"start":{"line":45,"column":8},"end":{"line":45,"column":35}},"26":{"start":{"line":47,"column":8},"end":{"line":47,"column":24}},"27":{"start":{"line":49,"column":4},"end":{"line":49,"column":27}},"28":{"start":{"line":55,"column":0},"end":{"line":73,"column":3}},"29":{"start":{"line":58,"column":4},"end":{"line":71,"column":5}},"30":{"start":{"line":59,"column":26},"end":{"line":59,"column":51}},"31":{"start":{"line":60,"column":8},"end":{"line":60,"column":73}},"32":{"start":{"line":60,"column":19},"end":{"line":60,"column":73}},"33":{"start":{"line":61,"column":8},"end":{"line":64,"column":27}},"34":{"start":{"line":65,"column":8},"end":{"line":68,"column":9}},"35":{"start":{"line":66,"column":12},"end":{"line":67,"column":68}},"36":{"start":{"line":70,"column":8},"end":{"line":70,"column":24}},"37":{"start":{"line":72,"column":4},"end":{"line":72,"column":27}},"38":{"start":{"line":79,"column":0},"end":{"line":92,"column":3}},"39":{"start":{"line":82,"column":4},"end":{"line":90,"column":5}},"40":{"start":{"line":83,"column":8},"end":{"line":83,"column":61}},"41":{"start":{"line":84,"column":8},"end":{"line":87,"column":9}},"42":{"start":{"line":85,"column":12},"end":{"line":86,"column":68}},"43":{"start":{"line":89,"column":8},"end":{"line":89,"column":24}},"44":{"start":{"line":91,"column":4},"end":{"line":91,"column":27}},"45":{"start":{"line":94,"column":0},"end":{"line":94,"column":36}}},"fnMap":{"0":{"name":"(anonymous_0)","decl":{"start":{"line":12,"column":16},"end":{"line":12,"column":17}},"loc":{"start":{"line":12,"column":47},"end":{"line":20,"column":1}},"line":12},"1":{"name":"(anonymous_1)","decl":{"start":{"line":22,"column":37},"end":{"line":22,"column":38}},"loc":{"start":{"line":22,"column":68},"end":{"line":34,"column":1}},"line":22},"2":{"name":"(anonymous_2)","decl":{"start":{"line":38,"column":23},"end":{"line":38,"column":24}},"loc":{"start":{"line":38,"column":54},"end":{"line":50,"column":1}},"line":38},"3":{"name":"(anonymous_3)","decl":{"start":{"line":55,"column":25},"end":{"line":55,"column":26}},"loc":{"start":{"line":55,"column":56},"end":{"line":73,"column":1}},"line":55},"4":{"name":"(anonymous_4)","decl":{"start":{"line":79,"column":37},"end":{"line":79,"column":38}},"loc":{"start":{"line":79,"column":68},"end":{"line":92,"column":1}},"line":79}},"branchMap":{"0":{"loc":{"start":{"line":26,"column":8},"end":{"line":29,"column":9}},"type":"if","locations":[{"start":{"line":26,"column":8},"end":{"line":29,"column":9}},{"start":{"line":26,"column":8},"end":{"line":29,"column":9}}],"line":26},"1":{"loc":{"start":{"line":43,"column":8},"end":{"line":43,"column":73}},"type":"if","locations":[{"start":{"line":43,"column":8},"end":{"line":43,"column":73}},{"start":{"line":43,"column":8},"end":{"line":43,"column":73}}],"line":43},"2":{"loc":{"start":{"line":60,"column":8},"end":{"line":60,"column":73}},"type":"if","locations":[{"start":{"line":60,"column":8},"end":{"line":60,"column":73}},{"start":{"line":60,"column":8},"end":{"line":60,"column":73}}],"line":60},"3":{"loc":{"start":{"line":65,"column":8},"end":{"line":68,"column":9}},"type":"if","locations":[{"start":{"line":65,"column":8},"end":{"line":68,"column":9}},{"start":{"line":65,"column":8},"end":{"line":68,"column":9}}],"line":65},"4":{"loc":{"start":{"line":84,"column":8},"end":{"line":87,"column":9}},"type":"if","locations":[{"start":{"line":84,"column":8},"end":{"line":87,"column":9}},{"start":{"line":84,"column":8},"end":{"line":87,"column":9}}],"line":84}},"s":{"0":2,"1":2,"2":2,"3":2,"4":2,"5":2,"6":2,"7":2,"8":1,"9":1,"10":1,"11":0,"12":2,"13":2,"14":2,"15":2,"16":1,"17":1,"18":0,"19":2,"20":5,"21":5,"22":5,"23":2,"24":3,"25":3,"26":0,"27":3,"28":2,"29":4,"30":4,"31":4,"32":2,"33":2,"34":2,"35":1,"36":0,"37":1,"38":2,"39":2,"40":2,"41":2,"42":1,"43":0,"44":1,"45":2},"f":{"0":1,"1":2,"2":5,"3":4,"4":2},"b":{"0":[1,1],"1":[2,3],"2":[2,2],"3":[1,1],"4":[1,1]},"_coverageSchema":"332fd63041d2c1bcb487cc26dd0d5f7d97098a6c","hash":"14046b6f69756153e27b882799a5862e91b0f64d"}
,"D:\\Programing\\Video_Tutorials\\_MY_TRAINING\\Javascript\\_Node.js\\The Complete Guide to Build RESTful APIs_2018\\13. Integration Testing\\13.Project_Testing_Auth_middleware\\routes\\home.js": {"path":"D:\\Programing\\Video_Tutorials\\_MY_TRAINING\\Javascript\\_Node.js\\The Complete Guide to Build RESTful APIs_2018\\13. Integration Testing\\13.Project_Testing_Auth_middleware\\routes\\home.js","statementMap":{"0":{"start":{"line":1,"column":16},"end":{"line":1,"column":34}},"1":{"start":{"line":3,"column":15},"end":{"line":3,"column":31}},"2":{"start":{"line":5,"column":0},"end":{"line":7,"column":3}},"3":{"start":{"line":6,"column":4},"end":{"line":6,"column":62}},"4":{"start":{"line":9,"column":0},"end":{"line":9,"column":24}}},"fnMap":{"0":{"name":"(anonymous_0)","decl":{"start":{"line":5,"column":16},"end":{"line":5,"column":17}},"loc":{"start":{"line":5,"column":35},"end":{"line":7,"column":1}},"line":5}},"branchMap":{},"s":{"0":2,"1":2,"2":2,"3":0,"4":2},"f":{"0":0},"b":{},"_coverageSchema":"332fd63041d2c1bcb487cc26dd0d5f7d97098a6c","hash":"b85b3951dd787252213c705fd3b13a6c61111656"}
,"D:\\Programing\\Video_Tutorials\\_MY_TRAINING\\Javascript\\_Node.js\\The Complete Guide to Build RESTful APIs_2018\\13. Integration Testing\\13.Project_Testing_Auth_middleware\\routes\\movies.js": {"path":"D:\\Programing\\Video_Tutorials\\_MY_TRAINING\\Javascript\\_Node.js\\The Complete Guide to Build RESTful APIs_2018\\13. Integration Testing\\13.Project_Testing_Auth_middleware\\routes\\movies.js","statementMap":{"0":{"start":{"line":1,"column":13},"end":{"line":1,"column":42}},"1":{"start":{"line":2,"column":16},"end":{"line":2,"column":34}},"2":{"start":{"line":3,"column":15},"end":{"line":3,"column":31}},"3":{"start":{"line":4,"column":18},"end":{"line":4,"column":44}},"4":{"start":{"line":5,"column":18},"end":{"line":5,"column":44}},"5":{"start":{"line":7,"column":34},"end":{"line":7,"column":70}},"6":{"start":{"line":9,"column":0},"end":{"line":18,"column":3}},"7":{"start":{"line":12,"column":4},"end":{"line":16,"column":5}},"8":{"start":{"line":13,"column":8},"end":{"line":13,"column":54}},"9":{"start":{"line":15,"column":8},"end":{"line":15,"column":24}},"10":{"start":{"line":17,"column":4},"end":{"line":17,"column":28}},"11":{"start":{"line":20,"column":0},"end":{"line":30,"column":3}},"12":{"start":{"line":23,"column":4},"end":{"line":28,"column":5}},"13":{"start":{"line":24,"column":8},"end":{"line":24,"column":52}},"14":{"start":{"line":25,"column":8},"end":{"line":25,"column":66}},"15":{"start":{"line":25,"column":20},"end":{"line":25,"column":66}},"16":{"start":{"line":27,"column":8},"end":{"line":27,"column":24}},"17":{"start":{"line":29,"column":4},"end":{"line":29,"column":27}},"18":{"start":{"line":32,"column":0},"end":{"line":57,"column":3}},"19":{"start":{"line":35,"column":4},"end":{"line":55,"column":5}},"20":{"start":{"line":36,"column":26},"end":{"line":36,"column":56}},"21":{"start":{"line":37,"column":8},"end":{"line":37,"column":73}},"22":{"start":{"line":37,"column":19},"end":{"line":37,"column":73}},"23":{"start":{"line":39,"column":22},"end":{"line":39,"column":72}},"24":{"start":{"line":40,"column":8},"end":{"line":40,"column":66}},"25":{"start":{"line":40,"column":20},"end":{"line":40,"column":66}},"26":{"start":{"line":42,"column":24},"end":{"line":42,"column":33}},"27":{"start":{"line":43,"column":8},"end":{"line":51,"column":11}},"28":{"start":{"line":52,"column":8},"end":{"line":52,"column":35}},"29":{"start":{"line":54,"column":8},"end":{"line":54,"column":24}},"30":{"start":{"line":56,"column":4},"end":{"line":56,"column":27}},"31":{"start":{"line":59,"column":0},"end":{"line":80,"column":3}},"32":{"start":{"line":62,"column":4},"end":{"line":78,"column":5}},"33":{"start":{"line":63,"column":26},"end":{"line":63,"column":61}},"34":{"start":{"line":64,"column":8},"end":{"line":64,"column":73}},"35":{"start":{"line":64,"column":19},"end":{"line":64,"column":73}},"36":{"start":{"line":66,"column":8},"end":{"line":66,"column":52}},"37":{"start":{"line":67,"column":8},"end":{"line":67,"column":66}},"38":{"start":{"line":67,"column":20},"end":{"line":67,"column":66}},"39":{"start":{"line":72,"column":8},"end":{"line":72,"column":37}},"40":{"start":{"line":75,"column":8},"end":{"line":75,"column":35}},"41":{"start":{"line":77,"column":8},"end":{"line":77,"column":24}},"42":{"start":{"line":79,"column":4},"end":{"line":79,"column":27}},"43":{"start":{"line":82,"column":0},"end":{"line":92,"column":3}},"44":{"start":{"line":85,"column":4},"end":{"line":90,"column":5}},"45":{"start":{"line":86,"column":8},"end":{"line":86,"column":61}},"46":{"start":{"line":87,"column":8},"end":{"line":87,"column":66}},"47":{"start":{"line":87,"column":20},"end":{"line":87,"column":66}},"48":{"start":{"line":89,"column":8},"end":{"line":89,"column":24}},"49":{"start":{"line":91,"column":4},"end":{"line":91,"column":27}},"50":{"start":{"line":95,"column":0},"end":{"line":95,"column":36}}},"fnMap":{"0":{"name":"(anonymous_0)","decl":{"start":{"line":9,"column":16},"end":{"line":9,"column":17}},"loc":{"start":{"line":9,"column":47},"end":{"line":18,"column":1}},"line":9},"1":{"name":"(anonymous_1)","decl":{"start":{"line":20,"column":19},"end":{"line":20,"column":20}},"loc":{"start":{"line":20,"column":50},"end":{"line":30,"column":1}},"line":20},"2":{"name":"(anonymous_2)","decl":{"start":{"line":32,"column":23},"end":{"line":32,"column":24}},"loc":{"start":{"line":32,"column":54},"end":{"line":57,"column":1}},"line":32},"3":{"name":"(anonymous_3)","decl":{"start":{"line":59,"column":25},"end":{"line":59,"column":26}},"loc":{"start":{"line":59,"column":56},"end":{"line":80,"column":1}},"line":59},"4":{"name":"(anonymous_4)","decl":{"start":{"line":82,"column":28},"end":{"line":82,"column":29}},"loc":{"start":{"line":82,"column":59},"end":{"line":92,"column":1}},"line":82}},"branchMap":{"0":{"loc":{"start":{"line":25,"column":8},"end":{"line":25,"column":66}},"type":"if","locations":[{"start":{"line":25,"column":8},"end":{"line":25,"column":66}},{"start":{"line":25,"column":8},"end":{"line":25,"column":66}}],"line":25},"1":{"loc":{"start":{"line":37,"column":8},"end":{"line":37,"column":73}},"type":"if","locations":[{"start":{"line":37,"column":8},"end":{"line":37,"column":73}},{"start":{"line":37,"column":8},"end":{"line":37,"column":73}}],"line":37},"2":{"loc":{"start":{"line":40,"column":8},"end":{"line":40,"column":66}},"type":"if","locations":[{"start":{"line":40,"column":8},"end":{"line":40,"column":66}},{"start":{"line":40,"column":8},"end":{"line":40,"column":66}}],"line":40},"3":{"loc":{"start":{"line":64,"column":8},"end":{"line":64,"column":73}},"type":"if","locations":[{"start":{"line":64,"column":8},"end":{"line":64,"column":73}},{"start":{"line":64,"column":8},"end":{"line":64,"column":73}}],"line":64},"4":{"loc":{"start":{"line":67,"column":8},"end":{"line":67,"column":66}},"type":"if","locations":[{"start":{"line":67,"column":8},"end":{"line":67,"column":66}},{"start":{"line":67,"column":8},"end":{"line":67,"column":66}}],"line":67},"5":{"loc":{"start":{"line":87,"column":8},"end":{"line":87,"column":66}},"type":"if","locations":[{"start":{"line":87,"column":8},"end":{"line":87,"column":66}},{"start":{"line":87,"column":8},"end":{"line":87,"column":66}}],"line":87}},"s":{"0":2,"1":2,"2":2,"3":2,"4":2,"5":2,"6":2,"7":0,"8":0,"9":0,"10":0,"11":2,"12":0,"13":0,"14":0,"15":0,"16":0,"17":0,"18":2,"19":0,"20":0,"21":0,"22":0,"23":0,"24":0,"25":0,"26":0,"27":0,"28":0,"29":0,"30":0,"31":2,"32":0,"33":0,"34":0,"35":0,"36":0,"37":0,"38":0,"39":0,"40":0,"41":0,"42":0,"43":2,"44":0,"45":0,"46":0,"47":0,"48":0,"49":0,"50":2},"f":{"0":0,"1":0,"2":0,"3":0,"4":0},"b":{"0":[0,0],"1":[0,0],"2":[0,0],"3":[0,0],"4":[0,0],"5":[0,0]},"_coverageSchema":"332fd63041d2c1bcb487cc26dd0d5f7d97098a6c","hash":"aa6df075fce12b4d1163db57682d7100308e5592"}
,"D:\\Programing\\Video_Tutorials\\_MY_TRAINING\\Javascript\\_Node.js\\The Complete Guide to Build RESTful APIs_2018\\13. Integration Testing\\13.Project_Testing_Auth_middleware\\routes\\rentals.js": {"path":"D:\\Programing\\Video_Tutorials\\_MY_TRAINING\\Javascript\\_Node.js\\The Complete Guide to Build RESTful APIs_2018\\13. Integration Testing\\13.Project_Testing_Auth_middleware\\routes\\rentals.js","statementMap":{"0":{"start":{"line":1,"column":13},"end":{"line":1,"column":42}},"1":{"start":{"line":2,"column":16},"end":{"line":2,"column":34}},"2":{"start":{"line":3,"column":15},"end":{"line":3,"column":31}},"3":{"start":{"line":4,"column":20},"end":{"line":4,"column":48}},"4":{"start":{"line":5,"column":21},"end":{"line":5,"column":50}},"5":{"start":{"line":6,"column":18},"end":{"line":6,"column":44}},"6":{"start":{"line":7,"column":35},"end":{"line":7,"column":71}},"7":{"start":{"line":8,"column":17},"end":{"line":8,"column":36}},"8":{"start":{"line":9,"column":13},"end":{"line":9,"column":28}},"9":{"start":{"line":10,"column":0},"end":{"line":10,"column":20}},"10":{"start":{"line":12,"column":0},"end":{"line":21,"column":3}},"11":{"start":{"line":15,"column":4},"end":{"line":19,"column":5}},"12":{"start":{"line":16,"column":8},"end":{"line":16,"column":39}},"13":{"start":{"line":18,"column":8},"end":{"line":18,"column":17}},"14":{"start":{"line":20,"column":4},"end":{"line":20,"column":22}},"15":{"start":{"line":23,"column":0},"end":{"line":82,"column":3}},"16":{"start":{"line":26,"column":4},"end":{"line":81,"column":5}},"17":{"start":{"line":27,"column":26},"end":{"line":27,"column":58}},"18":{"start":{"line":28,"column":8},"end":{"line":28,"column":73}},"19":{"start":{"line":28,"column":19},"end":{"line":28,"column":73}},"20":{"start":{"line":30,"column":23},"end":{"line":30,"column":69}},"21":{"start":{"line":31,"column":8},"end":{"line":31,"column":72}},"22":{"start":{"line":31,"column":23},"end":{"line":31,"column":72}},"23":{"start":{"line":33,"column":8},"end":{"line":36,"column":10}},"24":{"start":{"line":38,"column":25},"end":{"line":38,"column":40}},"25":{"start":{"line":39,"column":8},"end":{"line":42,"column":11}},"26":{"start":{"line":46,"column":23},"end":{"line":51,"column":31}},"27":{"start":{"line":47,"column":32},"end":{"line":47,"column":41}},"28":{"start":{"line":48,"column":28},"end":{"line":48,"column":58}},"29":{"start":{"line":49,"column":12},"end":{"line":49,"column":38}},"30":{"start":{"line":50,"column":12},"end":{"line":50,"column":31}},"31":{"start":{"line":52,"column":8},"end":{"line":60,"column":11}},"32":{"start":{"line":53,"column":22},"end":{"line":58,"column":13}},"33":{"start":{"line":59,"column":12},"end":{"line":59,"column":35}},"34":{"start":{"line":61,"column":28},"end":{"line":77,"column":9}},"35":{"start":{"line":62,"column":12},"end":{"line":76,"column":13}},"36":{"start":{"line":63,"column":29},"end":{"line":63,"column":40}},"37":{"start":{"line":64,"column":16},"end":{"line":69,"column":17}},"38":{"start":{"line":65,"column":20},"end":{"line":68,"column":27}},"39":{"start":{"line":70,"column":16},"end":{"line":72,"column":27}},"40":{"start":{"line":73,"column":16},"end":{"line":73,"column":40}},"41":{"start":{"line":75,"column":16},"end":{"line":75,"column":58}},"42":{"start":{"line":78,"column":8},"end":{"line":78,"column":29}},"43":{"start":{"line":80,"column":8},"end":{"line":80,"column":24}},"44":{"start":{"line":84,"column":0},"end":{"line":84,"column":37}}},"fnMap":{"0":{"name":"(anonymous_0)","decl":{"start":{"line":12,"column":16},"end":{"line":12,"column":17}},"loc":{"start":{"line":12,"column":47},"end":{"line":21,"column":1}},"line":12},"1":{"name":"(anonymous_1)","decl":{"start":{"line":23,"column":23},"end":{"line":23,"column":24}},"loc":{"start":{"line":23,"column":54},"end":{"line":82,"column":1}},"line":23},"2":{"name":"(anonymous_2)","decl":{"start":{"line":46,"column":45},"end":{"line":46,"column":46}},"loc":{"start":{"line":46,"column":66},"end":{"line":51,"column":9}},"line":46},"3":{"name":"(anonymous_3)","decl":{"start":{"line":52,"column":23},"end":{"line":52,"column":24}},"loc":{"start":{"line":52,"column":36},"end":{"line":60,"column":9}},"line":52},"4":{"name":"(anonymous_4)","decl":{"start":{"line":61,"column":28},"end":{"line":61,"column":29}},"loc":{"start":{"line":61,"column":45},"end":{"line":77,"column":9}},"line":61}},"branchMap":{"0":{"loc":{"start":{"line":28,"column":8},"end":{"line":28,"column":73}},"type":"if","locations":[{"start":{"line":28,"column":8},"end":{"line":28,"column":73}},{"start":{"line":28,"column":8},"end":{"line":28,"column":73}}],"line":28},"1":{"loc":{"start":{"line":31,"column":8},"end":{"line":31,"column":72}},"type":"if","locations":[{"start":{"line":31,"column":8},"end":{"line":31,"column":72}},{"start":{"line":31,"column":8},"end":{"line":31,"column":72}}],"line":31}},"s":{"0":2,"1":2,"2":2,"3":2,"4":2,"5":2,"6":2,"7":2,"8":2,"9":2,"10":2,"11":0,"12":0,"13":0,"14":0,"15":2,"16":0,"17":0,"18":0,"19":0,"20":0,"21":0,"22":0,"23":0,"24":0,"25":0,"26":0,"27":0,"28":0,"29":0,"30":0,"31":0,"32":0,"33":0,"34":0,"35":0,"36":0,"37":0,"38":0,"39":0,"40":0,"41":0,"42":0,"43":0,"44":2},"f":{"0":0,"1":0,"2":0,"3":0,"4":0},"b":{"0":[0,0],"1":[0,0]},"_coverageSchema":"332fd63041d2c1bcb487cc26dd0d5f7d97098a6c","hash":"7cdb273aaa184a0d5427ceed9603542c3ebac7dd"}
,"D:\\Programing\\Video_Tutorials\\_MY_TRAINING\\Javascript\\_Node.js\\The Complete Guide to Build RESTful APIs_2018\\13. Integration Testing\\13.Project_Testing_Auth_middleware\\routes\\users.js": {"path":"D:\\Programing\\Video_Tutorials\\_MY_TRAINING\\Javascript\\_Node.js\\The Complete Guide to Build RESTful APIs_2018\\13. Integration Testing\\13.Project_Testing_Auth_middleware\\routes\\users.js","statementMap":{"0":{"start":{"line":1,"column":0},"end":{"line":1,"column":32}},"1":{"start":{"line":2,"column":14},"end":{"line":2,"column":44}},"2":{"start":{"line":3,"column":13},"end":{"line":3,"column":42}},"3":{"start":{"line":4,"column":15},"end":{"line":4,"column":32}},"4":{"start":{"line":5,"column":10},"end":{"line":5,"column":27}},"5":{"start":{"line":6,"column":16},"end":{"line":6,"column":34}},"6":{"start":{"line":7,"column":15},"end":{"line":7,"column":31}},"7":{"start":{"line":9,"column":17},"end":{"line":9,"column":42}},"8":{"start":{"line":10,"column":32},"end":{"line":10,"column":68}},"9":{"start":{"line":15,"column":0},"end":{"line":22,"column":3}},"10":{"start":{"line":16,"column":4},"end":{"line":16,"column":47}},"11":{"start":{"line":17,"column":16},"end":{"line":17,"column":51}},"12":{"start":{"line":18,"column":4},"end":{"line":20,"column":7}},"13":{"start":{"line":19,"column":8},"end":{"line":19,"column":54}},"14":{"start":{"line":21,"column":4},"end":{"line":21,"column":27}},"15":{"start":{"line":24,"column":0},"end":{"line":29,"column":3}},"16":{"start":{"line":25,"column":17},"end":{"line":25,"column":51}},"17":{"start":{"line":26,"column":4},"end":{"line":26,"column":60}},"18":{"start":{"line":26,"column":15},"end":{"line":26,"column":60}},"19":{"start":{"line":28,"column":4},"end":{"line":28,"column":60}},"20":{"start":{"line":31,"column":0},"end":{"line":36,"column":3}},"21":{"start":{"line":33,"column":17},"end":{"line":33,"column":70}},"22":{"start":{"line":34,"column":4},"end":{"line":34,"column":60}},"23":{"start":{"line":34,"column":15},"end":{"line":34,"column":60}},"24":{"start":{"line":35,"column":4},"end":{"line":35,"column":26}},"25":{"start":{"line":37,"column":0},"end":{"line":64,"column":3}},"26":{"start":{"line":38,"column":22},"end":{"line":38,"column":51}},"27":{"start":{"line":39,"column":4},"end":{"line":39,"column":69}},"28":{"start":{"line":39,"column":15},"end":{"line":39,"column":69}},"29":{"start":{"line":41,"column":15},"end":{"line":41,"column":60}},"30":{"start":{"line":42,"column":4},"end":{"line":42,"column":65}},"31":{"start":{"line":42,"column":14},"end":{"line":42,"column":65}},"32":{"start":{"line":44,"column":4},"end":{"line":48,"column":7}},"33":{"start":{"line":50,"column":17},"end":{"line":50,"column":41}},"34":{"start":{"line":51,"column":4},"end":{"line":51,"column":63}},"35":{"start":{"line":55,"column":4},"end":{"line":55,"column":29}},"36":{"start":{"line":60,"column":18},"end":{"line":60,"column":42}},"37":{"start":{"line":62,"column":4},"end":{"line":63,"column":54}},"38":{"start":{"line":66,"column":0},"end":{"line":66,"column":35}}},"fnMap":{"0":{"name":"(anonymous_0)","decl":{"start":{"line":15,"column":29},"end":{"line":15,"column":30}},"loc":{"start":{"line":15,"column":54},"end":{"line":22,"column":1}},"line":15},"1":{"name":"(anonymous_1)","decl":{"start":{"line":18,"column":22},"end":{"line":18,"column":23}},"loc":{"start":{"line":18,"column":32},"end":{"line":20,"column":5}},"line":18},"2":{"name":"(anonymous_2)","decl":{"start":{"line":24,"column":35},"end":{"line":24,"column":36}},"loc":{"start":{"line":24,"column":66},"end":{"line":29,"column":1}},"line":24},"3":{"name":"(anonymous_3)","decl":{"start":{"line":31,"column":24},"end":{"line":31,"column":25}},"loc":{"start":{"line":31,"column":49},"end":{"line":36,"column":1}},"line":31},"4":{"name":"(anonymous_4)","decl":{"start":{"line":37,"column":17},"end":{"line":37,"column":18}},"loc":{"start":{"line":37,"column":42},"end":{"line":64,"column":1}},"line":37}},"branchMap":{"0":{"loc":{"start":{"line":26,"column":4},"end":{"line":26,"column":60}},"type":"if","locations":[{"start":{"line":26,"column":4},"end":{"line":26,"column":60}},{"start":{"line":26,"column":4},"end":{"line":26,"column":60}}],"line":26},"1":{"loc":{"start":{"line":34,"column":4},"end":{"line":34,"column":60}},"type":"if","locations":[{"start":{"line":34,"column":4},"end":{"line":34,"column":60}},{"start":{"line":34,"column":4},"end":{"line":34,"column":60}}],"line":34},"2":{"loc":{"start":{"line":39,"column":4},"end":{"line":39,"column":69}},"type":"if","locations":[{"start":{"line":39,"column":4},"end":{"line":39,"column":69}},{"start":{"line":39,"column":4},"end":{"line":39,"column":69}}],"line":39},"3":{"loc":{"start":{"line":42,"column":4},"end":{"line":42,"column":65}},"type":"if","locations":[{"start":{"line":42,"column":4},"end":{"line":42,"column":65}},{"start":{"line":42,"column":4},"end":{"line":42,"column":65}}],"line":42}},"s":{"0":2,"1":2,"2":2,"3":2,"4":2,"5":2,"6":2,"7":2,"8":2,"9":2,"10":0,"11":0,"12":0,"13":0,"14":0,"15":2,"16":0,"17":0,"18":0,"19":0,"20":2,"21":0,"22":0,"23":0,"24":0,"25":2,"26":0,"27":0,"28":0,"29":0,"30":0,"31":0,"32":0,"33":0,"34":0,"35":0,"36":0,"37":0,"38":2},"f":{"0":0,"1":0,"2":0,"3":0,"4":0},"b":{"0":[0,0],"1":[0,0],"2":[0,0],"3":[0,0]},"_coverageSchema":"332fd63041d2c1bcb487cc26dd0d5f7d97098a6c","hash":"f85a48ccf8045c1805cfe2496d89a639b2a1c4ce"}
,"D:\\Programing\\Video_Tutorials\\_MY_TRAINING\\Javascript\\_Node.js\\The Complete Guide to Build RESTful APIs_2018\\13. Integration Testing\\13.Project_Testing_Auth_middleware\\startup\\config.js": {"path":"D:\\Programing\\Video_Tutorials\\_MY_TRAINING\\Javascript\\_Node.js\\The Complete Guide to Build RESTful APIs_2018\\13. Integration Testing\\13.Project_Testing_Auth_middleware\\startup\\config.js","statementMap":{"0":{"start":{"line":1,"column":15},"end":{"line":1,"column":32}},"1":{"start":{"line":3,"column":0},"end":{"line":7,"column":2}},"2":{"start":{"line":4,"column":4},"end":{"line":6,"column":5}},"3":{"start":{"line":5,"column":8},"end":{"line":5,"column":70}}},"fnMap":{"0":{"name":"(anonymous_0)","decl":{"start":{"line":3,"column":17},"end":{"line":3,"column":18}},"loc":{"start":{"line":3,"column":28},"end":{"line":7,"column":1}},"line":3}},"branchMap":{"0":{"loc":{"start":{"line":4,"column":4},"end":{"line":6,"column":5}},"type":"if","locations":[{"start":{"line":4,"column":4},"end":{"line":6,"column":5}},{"start":{"line":4,"column":4},"end":{"line":6,"column":5}}],"line":4}},"s":{"0":2,"1":2,"2":2,"3":0},"f":{"0":2},"b":{"0":[0,2]},"_coverageSchema":"332fd63041d2c1bcb487cc26dd0d5f7d97098a6c","hash":"6ec1d070d367c77e2accc3de878166d317b7af23"}
,"D:\\Programing\\Video_Tutorials\\_MY_TRAINING\\Javascript\\_Node.js\\The Complete Guide to Build RESTful APIs_2018\\13. Integration Testing\\13.Project_Testing_Auth_middleware\\startup\\db.js": {"path":"D:\\Programing\\Video_Tutorials\\_MY_TRAINING\\Javascript\\_Node.js\\The Complete Guide to Build RESTful APIs_2018\\13. Integration Testing\\13.Project_Testing_Auth_middleware\\startup\\db.js","statementMap":{"0":{"start":{"line":1,"column":17},"end":{"line":1,"column":36}},"1":{"start":{"line":2,"column":16},"end":{"line":2,"column":34}},"2":{"start":{"line":3,"column":15},"end":{"line":3,"column":32}},"3":{"start":{"line":4,"column":0},"end":{"line":10,"column":2}},"4":{"start":{"line":5,"column":15},"end":{"line":5,"column":31}},"5":{"start":{"line":6,"column":4},"end":{"line":7,"column":59}},"6":{"start":{"line":7,"column":20},"end":{"line":7,"column":57}}},"fnMap":{"0":{"name":"(anonymous_0)","decl":{"start":{"line":4,"column":17},"end":{"line":4,"column":18}},"loc":{"start":{"line":4,"column":28},"end":{"line":10,"column":1}},"line":4},"1":{"name":"(anonymous_1)","decl":{"start":{"line":7,"column":14},"end":{"line":7,"column":15}},"loc":{"start":{"line":7,"column":20},"end":{"line":7,"column":57}},"line":7}},"branchMap":{},"s":{"0":2,"1":2,"2":2,"3":2,"4":2,"5":2,"6":2},"f":{"0":2,"1":2},"b":{},"_coverageSchema":"332fd63041d2c1bcb487cc26dd0d5f7d97098a6c","hash":"64a6d9dd32656814e0cfa72817b6646b96d96fd0"}
,"D:\\Programing\\Video_Tutorials\\_MY_TRAINING\\Javascript\\_Node.js\\The Complete Guide to Build RESTful APIs_2018\\13. Integration Testing\\13.Project_Testing_Auth_middleware\\startup\\development.js": {"path":"D:\\Programing\\Video_Tutorials\\_MY_TRAINING\\Javascript\\_Node.js\\The Complete Guide to Build RESTful APIs_2018\\13. Integration Testing\\13.Project_Testing_Auth_middleware\\startup\\development.js","statementMap":{"0":{"start":{"line":1,"column":15},"end":{"line":1,"column":32}},"1":{"start":{"line":2,"column":15},"end":{"line":2,"column":32}},"2":{"start":{"line":3,"column":24},"end":{"line":3,"column":55}},"3":{"start":{"line":4,"column":0},"end":{"line":19,"column":2}},"4":{"start":{"line":5,"column":4},"end":{"line":18,"column":5}},"5":{"start":{"line":6,"column":8},"end":{"line":6,"column":64}},"6":{"start":{"line":7,"column":8},"end":{"line":7,"column":63}},"7":{"start":{"line":8,"column":8},"end":{"line":8,"column":63}},"8":{"start":{"line":14,"column":8},"end":{"line":14,"column":69}},"9":{"start":{"line":15,"column":8},"end":{"line":15,"column":69}},"10":{"start":{"line":16,"column":8},"end":{"line":16,"column":32}},"11":{"start":{"line":17,"column":8},"end":{"line":17,"column":56}}},"fnMap":{"0":{"name":"(anonymous_0)","decl":{"start":{"line":4,"column":17},"end":{"line":4,"column":18}},"loc":{"start":{"line":4,"column":31},"end":{"line":19,"column":1}},"line":4}},"branchMap":{"0":{"loc":{"start":{"line":5,"column":4},"end":{"line":18,"column":5}},"type":"if","locations":[{"start":{"line":5,"column":4},"end":{"line":18,"column":5}},{"start":{"line":5,"column":4},"end":{"line":18,"column":5}}],"line":5}},"s":{"0":2,"1":2,"2":2,"3":2,"4":2,"5":0,"6":0,"7":0,"8":0,"9":0,"10":0,"11":0},"f":{"0":2},"b":{"0":[0,2]},"_coverageSchema":"332fd63041d2c1bcb487cc26dd0d5f7d97098a6c","hash":"d910215e4edd62d1bb29f2b5d91aa00c17ec3dc7"}
,"D:\\Programing\\Video_Tutorials\\_MY_TRAINING\\Javascript\\_Node.js\\The Complete Guide to Build RESTful APIs_2018\\13. Integration Testing\\13.Project_Testing_Auth_middleware\\startup\\logging.js": {"path":"D:\\Programing\\Video_Tutorials\\_MY_TRAINING\\Javascript\\_Node.js\\The Complete Guide to Build RESTful APIs_2018\\13. Integration Testing\\13.Project_Testing_Auth_middleware\\startup\\logging.js","statementMap":{"0":{"start":{"line":1,"column":16},"end":{"line":1,"column":34}},"1":{"start":{"line":3,"column":0},"end":{"line":50,"column":2}},"2":{"start":{"line":10,"column":4},"end":{"line":10,"column":70}},"3":{"start":{"line":27,"column":4},"end":{"line":30,"column":6}},"4":{"start":{"line":42,"column":4},"end":{"line":44,"column":7}},"5":{"start":{"line":43,"column":8},"end":{"line":43,"column":17}}},"fnMap":{"0":{"name":"(anonymous_0)","decl":{"start":{"line":3,"column":17},"end":{"line":3,"column":18}},"loc":{"start":{"line":3,"column":28},"end":{"line":50,"column":1}},"line":3},"1":{"name":"(anonymous_1)","decl":{"start":{"line":42,"column":37},"end":{"line":42,"column":38}},"loc":{"start":{"line":42,"column":45},"end":{"line":44,"column":5}},"line":42}},"branchMap":{},"s":{"0":2,"1":2,"2":2,"3":2,"4":2,"5":0},"f":{"0":2,"1":0},"b":{},"_coverageSchema":"332fd63041d2c1bcb487cc26dd0d5f7d97098a6c","hash":"544b6a4273b65c99d5af66564fe568227cd23682"}
,"D:\\Programing\\Video_Tutorials\\_MY_TRAINING\\Javascript\\_Node.js\\The Complete Guide to Build RESTful APIs_2018\\13. Integration Testing\\13.Project_Testing_Auth_middleware\\startup\\routes.js": {"path":"D:\\Programing\\Video_Tutorials\\_MY_TRAINING\\Javascript\\_Node.js\\The Complete Guide to Build RESTful APIs_2018\\13. Integration Testing\\13.Project_Testing_Auth_middleware\\startup\\routes.js","statementMap":{"0":{"start":{"line":1,"column":16},"end":{"line":1,"column":34}},"1":{"start":{"line":2,"column":13},"end":{"line":2,"column":38}},"2":{"start":{"line":3,"column":17},"end":{"line":3,"column":45}},"3":{"start":{"line":4,"column":19},"end":{"line":4,"column":46}},"4":{"start":{"line":5,"column":22},"end":{"line":5,"column":52}},"5":{"start":{"line":6,"column":19},"end":{"line":6,"column":46}},"6":{"start":{"line":7,"column":20},"end":{"line":7,"column":48}},"7":{"start":{"line":8,"column":18},"end":{"line":8,"column":44}},"8":{"start":{"line":9,"column":14},"end":{"line":9,"column":44}},"9":{"start":{"line":11,"column":0},"end":{"line":24,"column":2}},"10":{"start":{"line":12,"column":4},"end":{"line":12,"column":28}},"11":{"start":{"line":13,"column":4},"end":{"line":13,"column":52}},"12":{"start":{"line":14,"column":4},"end":{"line":14,"column":38}},"13":{"start":{"line":15,"column":4},"end":{"line":15,"column":23}},"14":{"start":{"line":16,"column":4},"end":{"line":16,"column":35}},"15":{"start":{"line":17,"column":4},"end":{"line":17,"column":41}},"16":{"start":{"line":18,"column":4},"end":{"line":18,"column":35}},"17":{"start":{"line":19,"column":4},"end":{"line":19,"column":37}},"18":{"start":{"line":20,"column":4},"end":{"line":20,"column":33}},"19":{"start":{"line":21,"column":4},"end":{"line":21,"column":31}},"20":{"start":{"line":23,"column":4},"end":{"line":23,"column":19}}},"fnMap":{"0":{"name":"(anonymous_0)","decl":{"start":{"line":11,"column":17},"end":{"line":11,"column":18}},"loc":{"start":{"line":11,"column":31},"end":{"line":24,"column":1}},"line":11}},"branchMap":{},"s":{"0":2,"1":2,"2":2,"3":2,"4":2,"5":2,"6":2,"7":2,"8":2,"9":2,"10":2,"11":2,"12":2,"13":2,"14":2,"15":2,"16":2,"17":2,"18":2,"19":2,"20":2},"f":{"0":2},"b":{},"_coverageSchema":"332fd63041d2c1bcb487cc26dd0d5f7d97098a6c","hash":"2b40985d742dafb0604256e1230040f9e09dd5f8"}
,"D:\\Programing\\Video_Tutorials\\_MY_TRAINING\\Javascript\\_Node.js\\The Complete Guide to Build RESTful APIs_2018\\13. Integration Testing\\13.Project_Testing_Auth_middleware\\startup\\third-party.js": {"path":"D:\\Programing\\Video_Tutorials\\_MY_TRAINING\\Javascript\\_Node.js\\The Complete Guide to Build RESTful APIs_2018\\13. Integration Testing\\13.Project_Testing_Auth_middleware\\startup\\third-party.js","statementMap":{"0":{"start":{"line":1,"column":15},"end":{"line":1,"column":32}},"1":{"start":{"line":3,"column":0},"end":{"line":5,"column":2}},"2":{"start":{"line":4,"column":4},"end":{"line":4,"column":22}}},"fnMap":{"0":{"name":"(anonymous_0)","decl":{"start":{"line":3,"column":17},"end":{"line":3,"column":18}},"loc":{"start":{"line":3,"column":31},"end":{"line":5,"column":1}},"line":3}},"branchMap":{},"s":{"0":2,"1":2,"2":2},"f":{"0":2},"b":{},"_coverageSchema":"332fd63041d2c1bcb487cc26dd0d5f7d97098a6c","hash":"29bf83d5fab22c78f7f76cc8c2d501e8e5ae91c1"}
,"D:\\Programing\\Video_Tutorials\\_MY_TRAINING\\Javascript\\_Node.js\\The Complete Guide to Build RESTful APIs_2018\\13. Integration Testing\\13.Project_Testing_Auth_middleware\\startup\\view.js": {"path":"D:\\Programing\\Video_Tutorials\\_MY_TRAINING\\Javascript\\_Node.js\\The Complete Guide to Build RESTful APIs_2018\\13. Integration Testing\\13.Project_Testing_Auth_middleware\\startup\\view.js","statementMap":{"0":{"start":{"line":1,"column":12},"end":{"line":1,"column":26}},"1":{"start":{"line":3,"column":0},"end":{"line":6,"column":2}},"2":{"start":{"line":4,"column":4},"end":{"line":4,"column":34}},"3":{"start":{"line":5,"column":4},"end":{"line":5,"column":34}}},"fnMap":{"0":{"name":"(anonymous_0)","decl":{"start":{"line":3,"column":17},"end":{"line":3,"column":18}},"loc":{"start":{"line":3,"column":31},"end":{"line":6,"column":1}},"line":3}},"branchMap":{},"s":{"0":2,"1":2,"2":2,"3":2},"f":{"0":2},"b":{},"_coverageSchema":"332fd63041d2c1bcb487cc26dd0d5f7d97098a6c","hash":"5927bee0bcf11464379e545bc1a4298373e3397f"}
}
