TN:
SF:D:\Programing\Video_Tutorials\_MY_TRAINING\Javascript\_Node.js\The Complete Guide to Build RESTful APIs_2018\13. Integration Testing\13.Project_Testing_Auth_middleware\index.js
FNF:0
FNH:0
DA:1,2
DA:2,2
DA:3,2
DA:4,2
DA:5,2
DA:6,2
DA:7,2
DA:8,2
DA:9,2
DA:11,2
LF:10
LH:10
BRF:0
BRH:0
end_of_record
TN:
SF:D:\Programing\Video_Tutorials\_MY_TRAINING\Javascript\_Node.js\The Complete Guide to Build RESTful APIs_2018\13. Integration Testing\13.Project_Testing_Auth_middleware\helpers\joi_validation.js
FN:3,validateWithJoi
FN:9,validatePhoneWithJoi
FN:15,validateMovieWithJoi
FN:26,validateMovieTitleWithJoi
FN:32,validateRentalsWithJoi
FN:41,validateUserWithJoi
FN:52,validateAuthWithJoi
FNF:7
FNH:1
FNDA:9,validateWithJoi
FNDA:0,validatePhoneWithJoi
FNDA:0,validateMovieWithJoi
FNDA:0,validateMovieTitleWithJoi
FNDA:0,validateRentalsWithJoi
FNDA:0,validateUserWithJoi
FNDA:0,validateAuthWithJoi
DA:1,2
DA:4,9
DA:7,9
DA:10,0
DA:13,0
DA:16,0
DA:24,0
DA:27,0
DA:30,0
DA:33,0
DA:39,0
DA:44,0
DA:45,0
DA:50,0
DA:55,0
DA:56,0
DA:60,0
DA:62,2
LF:18
LH:4
BRF:0
BRH:0
end_of_record
TN:
SF:D:\Programing\Video_Tutorials\_MY_TRAINING\Javascript\_Node.js\The Complete Guide to Build RESTful APIs_2018\13. Integration Testing\13.Project_Testing_Auth_middleware\middleware\admin.js
FN:1,(anonymous_0)
FNF:1
FNH:1
FNDA:3,(anonymous_0)
DA:1,2
DA:5,3
DA:6,2
LF:3
LH:3
BRDA:5,0,0,1
BRDA:5,0,1,2
BRF:2
BRH:2
end_of_record
TN:
SF:D:\Programing\Video_Tutorials\_MY_TRAINING\Javascript\_Node.js\The Complete Guide to Build RESTful APIs_2018\13. Integration Testing\13.Project_Testing_Auth_middleware\middleware\auth.js
FN:6,auth
FNF:1
FNH:1
FNDA:16,auth
DA:2,3
DA:3,3
DA:7,16
DA:8,16
DA:9,2
DA:12,14
DA:18,14
DA:19,13
DA:20,13
DA:22,1
DA:26,3
LF:11
LH:11
BRDA:8,0,0,2
BRDA:8,0,1,14
BRF:2
BRH:2
end_of_record
TN:
SF:D:\Programing\Video_Tutorials\_MY_TRAINING\Javascript\_Node.js\The Complete Guide to Build RESTful APIs_2018\13. Integration Testing\13.Project_Testing_Auth_middleware\middleware\error.js
FN:3,(anonymous_0)
FNF:1
FNH:0
FNDA:0,(anonymous_0)
DA:1,2
DA:3,2
DA:5,0
DA:15,0
LF:4
LH:2
BRF:0
BRH:0
end_of_record
TN:
SF:D:\Programing\Video_Tutorials\_MY_TRAINING\Javascript\_Node.js\The Complete Guide to Build RESTful APIs_2018\13. Integration Testing\13.Project_Testing_Auth_middleware\middleware\validate.ObjectId.js
FN:3,(anonymous_0)
FNF:1
FNH:1
FNDA:3,(anonymous_0)
DA:1,2
DA:3,2
DA:4,3
DA:5,1
DA:7,2
LF:5
LH:5
BRDA:4,0,0,1
BRDA:4,0,1,2
BRF:2
BRH:2
end_of_record
TN:
SF:D:\Programing\Video_Tutorials\_MY_TRAINING\Javascript\_Node.js\The Complete Guide to Build RESTful APIs_2018\13. Integration Testing\13.Project_Testing_Auth_middleware\models\customer.js
FNF:0
FNH:0
DA:1,2
DA:3,2
DA:21,2
DA:23,2
LF:4
LH:4
BRF:0
BRH:0
end_of_record
TN:
SF:D:\Programing\Video_Tutorials\_MY_TRAINING\Javascript\_Node.js\The Complete Guide to Build RESTful APIs_2018\13. Integration Testing\13.Project_Testing_Auth_middleware\models\genre.js
FNF:0
FNH:0
DA:1,2
DA:2,2
DA:10,2
DA:13,2
LF:4
LH:4
BRF:0
BRH:0
end_of_record
TN:
SF:D:\Programing\Video_Tutorials\_MY_TRAINING\Javascript\_Node.js\The Complete Guide to Build RESTful APIs_2018\13. Integration Testing\13.Project_Testing_Auth_middleware\models\movie.js
FNF:0
FNH:0
DA:1,2
DA:2,2
DA:30,2
DA:32,2
LF:4
LH:4
BRF:0
BRH:0
end_of_record
TN:
SF:D:\Programing\Video_Tutorials\_MY_TRAINING\Javascript\_Node.js\The Complete Guide to Build RESTful APIs_2018\13. Integration Testing\13.Project_Testing_Auth_middleware\models\rentals.js
FNF:0
FNH:0
DA:1,2
DA:2,2
DA:3,2
DA:13,2
DA:15,2
LF:5
LH:5
BRF:0
BRH:0
end_of_record
TN:
SF:D:\Programing\Video_Tutorials\_MY_TRAINING\Javascript\_Node.js\The Complete Guide to Build RESTful APIs_2018\13. Integration Testing\13.Project_Testing_Auth_middleware\models\user.js
FN:40,(anonymous_0)
FNF:1
FNH:1
FNDA:17,(anonymous_0)
DA:1,4
DA:2,4
DA:3,4
DA:5,4
DA:39,4
DA:41,17
DA:43,17
DA:56,4
DA:59,4
LF:9
LH:9
BRF:0
BRH:0
end_of_record
TN:
SF:D:\Programing\Video_Tutorials\_MY_TRAINING\Javascript\_Node.js\The Complete Guide to Build RESTful APIs_2018\13. Integration Testing\13.Project_Testing_Auth_middleware\routes\auth.js
FN:10,(anonymous_0)
FNF:1
FNH:0
FNDA:0,(anonymous_0)
DA:1,2
DA:2,2
DA:3,2
DA:5,2
DA:6,2
DA:10,2
DA:12,0
DA:13,0
DA:14,0
DA:16,0
DA:17,0
DA:25,0
DA:28,0
DA:29,0
DA:41,0
DA:42,0
DA:52,0
DA:56,2
LF:18
LH:7
BRDA:14,0,0,0
BRDA:14,0,1,0
BRDA:17,1,0,0
BRDA:17,1,1,0
BRDA:28,2,0,0
BRDA:28,2,1,0
BRF:6
BRH:0
end_of_record
TN:
SF:D:\Programing\Video_Tutorials\_MY_TRAINING\Javascript\_Node.js\The Complete Guide to Build RESTful APIs_2018\13. Integration Testing\13.Project_Testing_Auth_middleware\routes\customers.js
FN:8,(anonymous_0)
FN:20,(anonymous_1)
FN:33,(anonymous_2)
FN:52,(anonymous_3)
FN:74,(anonymous_4)
FNF:5
FNH:0
FNDA:0,(anonymous_0)
FNDA:0,(anonymous_1)
FNDA:0,(anonymous_2)
FNDA:0,(anonymous_3)
FNDA:0,(anonymous_4)
DA:1,2
DA:2,2
DA:3,2
DA:4,2
DA:6,2
DA:8,2
DA:9,0
DA:10,0
DA:11,0
DA:14,0
DA:16,0
DA:20,2
DA:21,0
DA:22,0
DA:23,0
DA:24,0
DA:27,0
DA:29,0
DA:33,2
DA:34,0
DA:35,0
DA:36,0
DA:38,0
DA:42,0
DA:43,0
DA:46,0
DA:48,0
DA:52,2
DA:53,0
DA:54,0
DA:55,0
DA:57,0
DA:58,0
DA:63,0
DA:64,0
DA:65,0
DA:68,0
DA:70,0
DA:74,2
DA:75,0
DA:76,0
DA:77,0
DA:78,0
DA:81,0
DA:83,0
DA:87,2
LF:46
LH:11
BRDA:23,0,0,0
BRDA:23,0,1,0
BRDA:36,1,0,0
BRDA:36,1,1,0
BRDA:55,2,0,0
BRDA:55,2,1,0
BRDA:58,3,0,0
BRDA:58,3,1,0
BRDA:77,4,0,0
BRDA:77,4,1,0
BRF:10
BRH:0
end_of_record
TN:
SF:D:\Programing\Video_Tutorials\_MY_TRAINING\Javascript\_Node.js\The Complete Guide to Build RESTful APIs_2018\13. Integration Testing\13.Project_Testing_Auth_middleware\routes\genres.js
FN:12,(anonymous_0)
FN:22,(anonymous_1)
FN:38,(anonymous_2)
FN:55,(anonymous_3)
FN:79,(anonymous_4)
FNF:5
FNH:5
FNDA:1,(anonymous_0)
FNDA:2,(anonymous_1)
FNDA:5,(anonymous_2)
FNDA:4,(anonymous_3)
FNDA:2,(anonymous_4)
DA:1,2
DA:2,2
DA:3,2
DA:4,2
DA:5,2
DA:6,2
DA:7,2
DA:12,2
DA:14,1
DA:15,1
DA:16,1
DA:18,0
DA:22,2
DA:24,2
DA:25,2
DA:26,2
DA:27,1
DA:30,1
DA:32,0
DA:38,2
DA:41,5
DA:42,5
DA:43,5
DA:44,3
DA:45,3
DA:47,0
DA:49,3
DA:55,2
DA:58,4
DA:59,4
DA:60,4
DA:61,2
DA:65,2
DA:66,1
DA:70,0
DA:72,1
DA:79,2
DA:82,2
DA:83,2
DA:84,2
DA:85,1
DA:89,0
DA:91,1
DA:94,2
LF:44
LH:39
BRDA:26,0,0,1
BRDA:26,0,1,1
BRDA:43,1,0,2
BRDA:43,1,1,3
BRDA:60,2,0,2
BRDA:60,2,1,2
BRDA:65,3,0,1
BRDA:65,3,1,1
BRDA:84,4,0,1
BRDA:84,4,1,1
BRF:10
BRH:10
end_of_record
TN:
SF:D:\Programing\Video_Tutorials\_MY_TRAINING\Javascript\_Node.js\The Complete Guide to Build RESTful APIs_2018\13. Integration Testing\13.Project_Testing_Auth_middleware\routes\home.js
FN:5,(anonymous_0)
FNF:1
FNH:0
FNDA:0,(anonymous_0)
DA:1,2
DA:3,2
DA:5,2
DA:6,0
DA:9,2
LF:5
LH:4
BRF:0
BRH:0
end_of_record
TN:
SF:D:\Programing\Video_Tutorials\_MY_TRAINING\Javascript\_Node.js\The Complete Guide to Build RESTful APIs_2018\13. Integration Testing\13.Project_Testing_Auth_middleware\routes\movies.js
FN:9,(anonymous_0)
FN:20,(anonymous_1)
FN:32,(anonymous_2)
FN:59,(anonymous_3)
FN:82,(anonymous_4)
FNF:5
FNH:0
FNDA:0,(anonymous_0)
FNDA:0,(anonymous_1)
FNDA:0,(anonymous_2)
FNDA:0,(anonymous_3)
FNDA:0,(anonymous_4)
DA:1,2
DA:2,2
DA:3,2
DA:4,2
DA:5,2
DA:7,2
DA:9,2
DA:12,0
DA:13,0
DA:15,0
DA:17,0
DA:20,2
DA:23,0
DA:24,0
DA:25,0
DA:27,0
DA:29,0
DA:32,2
DA:35,0
DA:36,0
DA:37,0
DA:39,0
DA:40,0
DA:42,0
DA:43,0
DA:52,0
DA:54,0
DA:56,0
DA:59,2
DA:62,0
DA:63,0
DA:64,0
DA:66,0
DA:67,0
DA:72,0
DA:75,0
DA:77,0
DA:79,0
DA:82,2
DA:85,0
DA:86,0
DA:87,0
DA:89,0
DA:91,0
DA:95,2
LF:45
LH:12
BRDA:25,0,0,0
BRDA:25,0,1,0
BRDA:37,1,0,0
BRDA:37,1,1,0
BRDA:40,2,0,0
BRDA:40,2,1,0
BRDA:64,3,0,0
BRDA:64,3,1,0
BRDA:67,4,0,0
BRDA:67,4,1,0
BRDA:87,5,0,0
BRDA:87,5,1,0
BRF:12
BRH:0
end_of_record
TN:
SF:D:\Programing\Video_Tutorials\_MY_TRAINING\Javascript\_Node.js\The Complete Guide to Build RESTful APIs_2018\13. Integration Testing\13.Project_Testing_Auth_middleware\routes\rentals.js
FN:12,(anonymous_0)
FN:23,(anonymous_1)
FN:46,(anonymous_2)
FN:52,(anonymous_3)
FN:61,(anonymous_4)
FNF:5
FNH:0
FNDA:0,(anonymous_0)
FNDA:0,(anonymous_1)
FNDA:0,(anonymous_2)
FNDA:0,(anonymous_3)
FNDA:0,(anonymous_4)
DA:1,2
DA:2,2
DA:3,2
DA:4,2
DA:5,2
DA:6,2
DA:7,2
DA:8,2
DA:9,2
DA:10,2
DA:12,2
DA:15,0
DA:16,0
DA:18,0
DA:20,0
DA:23,2
DA:26,0
DA:27,0
DA:28,0
DA:30,0
DA:31,0
DA:33,0
DA:38,0
DA:39,0
DA:46,0
DA:47,0
DA:48,0
DA:49,0
DA:50,0
DA:52,0
DA:53,0
DA:59,0
DA:61,0
DA:62,0
DA:63,0
DA:64,0
DA:65,0
DA:70,0
DA:73,0
DA:75,0
DA:78,0
DA:80,0
DA:84,2
LF:43
LH:13
BRDA:28,0,0,0
BRDA:28,0,1,0
BRDA:31,1,0,0
BRDA:31,1,1,0
BRF:4
BRH:0
end_of_record
TN:
SF:D:\Programing\Video_Tutorials\_MY_TRAINING\Javascript\_Node.js\The Complete Guide to Build RESTful APIs_2018\13. Integration Testing\13.Project_Testing_Auth_middleware\routes\users.js
FN:15,(anonymous_0)
FN:18,(anonymous_1)
FN:24,(anonymous_2)
FN:31,(anonymous_3)
FN:37,(anonymous_4)
FNF:5
FNH:0
FNDA:0,(anonymous_0)
FNDA:0,(anonymous_1)
FNDA:0,(anonymous_2)
FNDA:0,(anonymous_3)
FNDA:0,(anonymous_4)
DA:1,2
DA:2,2
DA:3,2
DA:4,2
DA:5,2
DA:6,2
DA:7,2
DA:9,2
DA:10,2
DA:15,2
DA:16,0
DA:17,0
DA:18,0
DA:19,0
DA:21,0
DA:24,2
DA:25,0
DA:26,0
DA:28,0
DA:31,2
DA:33,0
DA:34,0
DA:35,0
DA:37,2
DA:38,0
DA:39,0
DA:41,0
DA:42,0
DA:44,0
DA:50,0
DA:51,0
DA:55,0
DA:60,0
DA:62,0
DA:66,2
LF:35
LH:14
BRDA:26,0,0,0
BRDA:26,0,1,0
BRDA:34,1,0,0
BRDA:34,1,1,0
BRDA:39,2,0,0
BRDA:39,2,1,0
BRDA:42,3,0,0
BRDA:42,3,1,0
BRF:8
BRH:0
end_of_record
TN:
SF:D:\Programing\Video_Tutorials\_MY_TRAINING\Javascript\_Node.js\The Complete Guide to Build RESTful APIs_2018\13. Integration Testing\13.Project_Testing_Auth_middleware\startup\config.js
FN:3,(anonymous_0)
FNF:1
FNH:1
FNDA:2,(anonymous_0)
DA:1,2
DA:3,2
DA:4,2
DA:5,0
LF:4
LH:3
BRDA:4,0,0,0
BRDA:4,0,1,2
BRF:2
BRH:1
end_of_record
TN:
SF:D:\Programing\Video_Tutorials\_MY_TRAINING\Javascript\_Node.js\The Complete Guide to Build RESTful APIs_2018\13. Integration Testing\13.Project_Testing_Auth_middleware\startup\db.js
FN:4,(anonymous_0)
FN:7,(anonymous_1)
FNF:2
FNH:2
FNDA:2,(anonymous_0)
FNDA:2,(anonymous_1)
DA:1,2
DA:2,2
DA:3,2
DA:4,2
DA:5,2
DA:6,2
DA:7,2
LF:7
LH:7
BRF:0
BRH:0
end_of_record
TN:
SF:D:\Programing\Video_Tutorials\_MY_TRAINING\Javascript\_Node.js\The Complete Guide to Build RESTful APIs_2018\13. Integration Testing\13.Project_Testing_Auth_middleware\startup\development.js
FN:4,(anonymous_0)
FNF:1
FNH:1
FNDA:2,(anonymous_0)
DA:1,2
DA:2,2
DA:3,2
DA:4,2
DA:5,2
DA:6,0
DA:7,0
DA:8,0
DA:14,0
DA:15,0
DA:16,0
DA:17,0
LF:12
LH:5
BRDA:5,0,0,0
BRDA:5,0,1,2
BRF:2
BRH:1
end_of_record
TN:
SF:D:\Programing\Video_Tutorials\_MY_TRAINING\Javascript\_Node.js\The Complete Guide to Build RESTful APIs_2018\13. Integration Testing\13.Project_Testing_Auth_middleware\startup\logging.js
FN:3,(anonymous_0)
FN:42,(anonymous_1)
FNF:2
FNH:1
FNDA:2,(anonymous_0)
FNDA:0,(anonymous_1)
DA:1,2
DA:3,2
DA:10,2
DA:27,2
DA:42,2
DA:43,0
LF:6
LH:5
BRF:0
BRH:0
end_of_record
TN:
SF:D:\Programing\Video_Tutorials\_MY_TRAINING\Javascript\_Node.js\The Complete Guide to Build RESTful APIs_2018\13. Integration Testing\13.Project_Testing_Auth_middleware\startup\routes.js
FN:11,(anonymous_0)
FNF:1
FNH:1
FNDA:2,(anonymous_0)
DA:1,2
DA:2,2
DA:3,2
DA:4,2
DA:5,2
DA:6,2
DA:7,2
DA:8,2
DA:9,2
DA:11,2
DA:12,2
DA:13,2
DA:14,2
DA:15,2
DA:16,2
DA:17,2
DA:18,2
DA:19,2
DA:20,2
DA:21,2
DA:23,2
LF:21
LH:21
BRF:0
BRH:0
end_of_record
TN:
SF:D:\Programing\Video_Tutorials\_MY_TRAINING\Javascript\_Node.js\The Complete Guide to Build RESTful APIs_2018\13. Integration Testing\13.Project_Testing_Auth_middleware\startup\third-party.js
FN:3,(anonymous_0)
FNF:1
FNH:1
FNDA:2,(anonymous_0)
DA:1,2
DA:3,2
DA:4,2
LF:3
LH:3
BRF:0
BRH:0
end_of_record
TN:
SF:D:\Programing\Video_Tutorials\_MY_TRAINING\Javascript\_Node.js\The Complete Guide to Build RESTful APIs_2018\13. Integration Testing\13.Project_Testing_Auth_middleware\startup\view.js
FN:3,(anonymous_0)
FNF:1
FNH:1
FNDA:2,(anonymous_0)
DA:1,2
DA:3,2
DA:4,2
DA:5,2
LF:4
LH:4
BRF:0
BRH:0
end_of_record
