{"D:\\Programing\\Video_Tutorials\\_MY_TRAINING\\Javascript\\_Node.js\\The Complete Guide to Build RESTful APIs_2018\\14. Test-driven Development\\2.Project_Implementing_the_Returns\\src\\index.js": {"path":"D:\\Programing\\Video_Tutorials\\_MY_TRAINING\\Javascript\\_Node.js\\The Complete Guide to Build RESTful APIs_2018\\14. Test-driven Development\\2.Project_Implementing_the_Returns\\src\\index.js","statementMap":{"0":{"start":{"line":1,"column":16},"end":{"line":1,"column":34}},"1":{"start":{"line":2,"column":12},"end":{"line":2,"column":21}},"2":{"start":{"line":3,"column":0},"end":{"line":3,"column":26}},"3":{"start":{"line":4,"column":0},"end":{"line":4,"column":38}},"4":{"start":{"line":5,"column":0},"end":{"line":5,"column":33}},"5":{"start":{"line":6,"column":0},"end":{"line":6,"column":31}},"6":{"start":{"line":7,"column":0},"end":{"line":7,"column":30}},"7":{"start":{"line":8,"column":0},"end":{"line":8,"column":38}},"8":{"start":{"line":9,"column":0},"end":{"line":9,"column":31}},"9":{"start":{"line":11,"column":0},"end":{"line":11,"column":21}}},"fnMap":{},"branchMap":{},"s":{"0":2,"1":2,"2":2,"3":2,"4":2,"5":2,"6":2,"7":2,"8":2,"9":2},"f":{},"b":{},"_coverageSchema":"332fd63041d2c1bcb487cc26dd0d5f7d97098a6c","hash":"254b6d84d38d2e3a239c6b7bee41ebb3f77b45b5"}
,"D:\\Programing\\Video_Tutorials\\_MY_TRAINING\\Javascript\\_Node.js\\The Complete Guide to Build RESTful APIs_2018\\14. Test-driven Development\\2.Project_Implementing_the_Returns\\src\\helpers\\joi_validation.js": {"path":"D:\\Programing\\Video_Tutorials\\_MY_TRAINING\\Javascript\\_Node.js\\The Complete Guide to Build RESTful APIs_2018\\14. Test-driven Development\\2.Project_Implementing_the_Returns\\src\\helpers\\joi_validation.js","statementMap":{"0":{"start":{"line":1,"column":12},"end":{"line":1,"column":26}},"1":{"start":{"line":4,"column":17},"end":{"line":6,"column":4}},"2":{"start":{"line":7,"column":2},"end":{"line":7,"column":39}},"3":{"start":{"line":10,"column":17},"end":{"line":12,"column":4}},"4":{"start":{"line":13,"column":2},"end":{"line":13,"column":40}},"5":{"start":{"line":16,"column":17},"end":{"line":23,"column":4}},"6":{"start":{"line":24,"column":2},"end":{"line":24,"column":37}},"7":{"start":{"line":27,"column":17},"end":{"line":29,"column":4}},"8":{"start":{"line":30,"column":2},"end":{"line":30,"column":37}},"9":{"start":{"line":33,"column":17},"end":{"line":38,"column":4}},"10":{"start":{"line":39,"column":2},"end":{"line":39,"column":39}},"11":{"start":{"line":44,"column":24},"end":{"line":44,"column":47}},"12":{"start":{"line":45,"column":17},"end":{"line":49,"column":4}},"13":{"start":{"line":50,"column":2},"end":{"line":50,"column":36}},"14":{"start":{"line":55,"column":24},"end":{"line":55,"column":47}},"15":{"start":{"line":56,"column":17},"end":{"line":59,"column":4}},"16":{"start":{"line":60,"column":2},"end":{"line":60,"column":36}},"17":{"start":{"line":62,"column":0},"end":{"line":70,"column":2}}},"fnMap":{"0":{"name":"validateWithJoi","decl":{"start":{"line":3,"column":9},"end":{"line":3,"column":24}},"loc":{"start":{"line":3,"column":34},"end":{"line":8,"column":1}},"line":3},"1":{"name":"validatePhoneWithJoi","decl":{"start":{"line":9,"column":9},"end":{"line":9,"column":29}},"loc":{"start":{"line":9,"column":40},"end":{"line":14,"column":1}},"line":9},"2":{"name":"validateMovieWithJoi","decl":{"start":{"line":15,"column":9},"end":{"line":15,"column":29}},"loc":{"start":{"line":15,"column":37},"end":{"line":25,"column":1}},"line":15},"3":{"name":"validateMovieTitleWithJoi","decl":{"start":{"line":26,"column":9},"end":{"line":26,"column":34}},"loc":{"start":{"line":26,"column":42},"end":{"line":31,"column":1}},"line":26},"4":{"name":"validateRentalsWithJoi","decl":{"start":{"line":32,"column":9},"end":{"line":32,"column":31}},"loc":{"start":{"line":32,"column":41},"end":{"line":40,"column":1}},"line":32},"5":{"name":"validateUserWithJoi","decl":{"start":{"line":41,"column":9},"end":{"line":41,"column":28}},"loc":{"start":{"line":41,"column":35},"end":{"line":51,"column":1}},"line":41},"6":{"name":"validateAuthWithJoi","decl":{"start":{"line":52,"column":9},"end":{"line":52,"column":28}},"loc":{"start":{"line":52,"column":35},"end":{"line":61,"column":1}},"line":52}},"branchMap":{},"s":{"0":2,"1":9,"2":9,"3":0,"4":0,"5":0,"6":0,"7":0,"8":0,"9":0,"10":0,"11":0,"12":0,"13":0,"14":0,"15":0,"16":0,"17":2},"f":{"0":9,"1":0,"2":0,"3":0,"4":0,"5":0,"6":0},"b":{},"_coverageSchema":"332fd63041d2c1bcb487cc26dd0d5f7d97098a6c","hash":"3a90a7d5a036985b71d64e097efff5a5447a633f"}
,"D:\\Programing\\Video_Tutorials\\_MY_TRAINING\\Javascript\\_Node.js\\The Complete Guide to Build RESTful APIs_2018\\14. Test-driven Development\\2.Project_Implementing_the_Returns\\src\\middleware\\admin.js": {"path":"D:\\Programing\\Video_Tutorials\\_MY_TRAINING\\Javascript\\_Node.js\\The Complete Guide to Build RESTful APIs_2018\\14. Test-driven Development\\2.Project_Implementing_the_Returns\\src\\middleware\\admin.js","statementMap":{"0":{"start":{"line":1,"column":0},"end":{"line":7,"column":2}},"1":{"start":{"line":5,"column":2},"end":{"line":5,"column":71}},"2":{"start":{"line":5,"column":25},"end":{"line":5,"column":71}},"3":{"start":{"line":6,"column":2},"end":{"line":6,"column":16}}},"fnMap":{"0":{"name":"(anonymous_0)","decl":{"start":{"line":1,"column":17},"end":{"line":1,"column":18}},"loc":{"start":{"line":1,"column":42},"end":{"line":7,"column":1}},"line":1}},"branchMap":{"0":{"loc":{"start":{"line":5,"column":2},"end":{"line":5,"column":71}},"type":"if","locations":[{"start":{"line":5,"column":2},"end":{"line":5,"column":71}},{"start":{"line":5,"column":2},"end":{"line":5,"column":71}}],"line":5}},"s":{"0":2,"1":3,"2":1,"3":2},"f":{"0":3},"b":{"0":[1,2]},"_coverageSchema":"332fd63041d2c1bcb487cc26dd0d5f7d97098a6c","hash":"bde60780b68abed288da8bf9ee48cc1389cc1a60"}
,"D:\\Programing\\Video_Tutorials\\_MY_TRAINING\\Javascript\\_Node.js\\The Complete Guide to Build RESTful APIs_2018\\14. Test-driven Development\\2.Project_Implementing_the_Returns\\src\\middleware\\auth.js": {"path":"D:\\Programing\\Video_Tutorials\\_MY_TRAINING\\Javascript\\_Node.js\\The Complete Guide to Build RESTful APIs_2018\\14. Test-driven Development\\2.Project_Implementing_the_Returns\\src\\middleware\\auth.js","statementMap":{"0":{"start":{"line":2,"column":12},"end":{"line":2,"column":35}},"1":{"start":{"line":3,"column":15},"end":{"line":3,"column":32}},"2":{"start":{"line":7,"column":16},"end":{"line":7,"column":42}},"3":{"start":{"line":8,"column":2},"end":{"line":10,"column":3}},"4":{"start":{"line":9,"column":4},"end":{"line":9,"column":69}},"5":{"start":{"line":12,"column":2},"end":{"line":23,"column":3}},"6":{"start":{"line":18,"column":20},"end":{"line":18,"column":66}},"7":{"start":{"line":19,"column":4},"end":{"line":19,"column":23}},"8":{"start":{"line":20,"column":4},"end":{"line":20,"column":18}},"9":{"start":{"line":22,"column":4},"end":{"line":22,"column":50}},"10":{"start":{"line":26,"column":0},"end":{"line":26,"column":22}}},"fnMap":{"0":{"name":"auth","decl":{"start":{"line":6,"column":9},"end":{"line":6,"column":13}},"loc":{"start":{"line":6,"column":30},"end":{"line":24,"column":1}},"line":6}},"branchMap":{"0":{"loc":{"start":{"line":8,"column":2},"end":{"line":10,"column":3}},"type":"if","locations":[{"start":{"line":8,"column":2},"end":{"line":10,"column":3}},{"start":{"line":8,"column":2},"end":{"line":10,"column":3}}],"line":8}},"s":{"0":3,"1":3,"2":16,"3":16,"4":2,"5":14,"6":14,"7":13,"8":13,"9":1,"10":3},"f":{"0":16},"b":{"0":[2,14]},"_coverageSchema":"332fd63041d2c1bcb487cc26dd0d5f7d97098a6c","hash":"2a5483bf23d9be562d00483fd3d1c4bb13e130d8"}
,"D:\\Programing\\Video_Tutorials\\_MY_TRAINING\\Javascript\\_Node.js\\The Complete Guide to Build RESTful APIs_2018\\14. Test-driven Development\\2.Project_Implementing_the_Returns\\src\\middleware\\error.js": {"path":"D:\\Programing\\Video_Tutorials\\_MY_TRAINING\\Javascript\\_Node.js\\The Complete Guide to Build RESTful APIs_2018\\14. Test-driven Development\\2.Project_Implementing_the_Returns\\src\\middleware\\error.js","statementMap":{"0":{"start":{"line":1,"column":16},"end":{"line":1,"column":34}},"1":{"start":{"line":3,"column":0},"end":{"line":16,"column":2}},"2":{"start":{"line":5,"column":2},"end":{"line":5,"column":34}},"3":{"start":{"line":15,"column":2},"end":{"line":15,"column":50}}},"fnMap":{"0":{"name":"(anonymous_0)","decl":{"start":{"line":3,"column":17},"end":{"line":3,"column":18}},"loc":{"start":{"line":3,"column":47},"end":{"line":16,"column":1}},"line":3}},"branchMap":{},"s":{"0":2,"1":2,"2":0,"3":0},"f":{"0":0},"b":{},"_coverageSchema":"332fd63041d2c1bcb487cc26dd0d5f7d97098a6c","hash":"525310c951e06671dc688fecfa7f6ab185c0a0e8"}
,"D:\\Programing\\Video_Tutorials\\_MY_TRAINING\\Javascript\\_Node.js\\The Complete Guide to Build RESTful APIs_2018\\14. Test-driven Development\\2.Project_Implementing_the_Returns\\src\\middleware\\validate.ObjectId.js": {"path":"D:\\Programing\\Video_Tutorials\\_MY_TRAINING\\Javascript\\_Node.js\\The Complete Guide to Build RESTful APIs_2018\\14. Test-driven Development\\2.Project_Implementing_the_Returns\\src\\middleware\\validate.ObjectId.js","statementMap":{"0":{"start":{"line":1,"column":17},"end":{"line":1,"column":36}},"1":{"start":{"line":3,"column":0},"end":{"line":8,"column":2}},"2":{"start":{"line":4,"column":2},"end":{"line":6,"column":3}},"3":{"start":{"line":5,"column":4},"end":{"line":5,"column":47}},"4":{"start":{"line":7,"column":2},"end":{"line":7,"column":16}}},"fnMap":{"0":{"name":"(anonymous_0)","decl":{"start":{"line":3,"column":17},"end":{"line":3,"column":18}},"loc":{"start":{"line":3,"column":42},"end":{"line":8,"column":1}},"line":3}},"branchMap":{"0":{"loc":{"start":{"line":4,"column":2},"end":{"line":6,"column":3}},"type":"if","locations":[{"start":{"line":4,"column":2},"end":{"line":6,"column":3}},{"start":{"line":4,"column":2},"end":{"line":6,"column":3}}],"line":4}},"s":{"0":2,"1":2,"2":3,"3":1,"4":2},"f":{"0":3},"b":{"0":[1,2]},"_coverageSchema":"332fd63041d2c1bcb487cc26dd0d5f7d97098a6c","hash":"f1855fd727306e95c567c325f7af37cb98ddd582"}
,"D:\\Programing\\Video_Tutorials\\_MY_TRAINING\\Javascript\\_Node.js\\The Complete Guide to Build RESTful APIs_2018\\14. Test-driven Development\\2.Project_Implementing_the_Returns\\src\\models\\customer.js": {"path":"D:\\Programing\\Video_Tutorials\\_MY_TRAINING\\Javascript\\_Node.js\\The Complete Guide to Build RESTful APIs_2018\\14. Test-driven Development\\2.Project_Implementing_the_Returns\\src\\models\\customer.js","statementMap":{"0":{"start":{"line":1,"column":17},"end":{"line":1,"column":36}},"1":{"start":{"line":3,"column":23},"end":{"line":20,"column":2}},"2":{"start":{"line":21,"column":17},"end":{"line":21,"column":59}},"3":{"start":{"line":23,"column":0},"end":{"line":23,"column":44}}},"fnMap":{},"branchMap":{},"s":{"0":2,"1":2,"2":2,"3":2},"f":{},"b":{},"_coverageSchema":"332fd63041d2c1bcb487cc26dd0d5f7d97098a6c","hash":"5e89a02b08b9ed16d35f91a75c688c5bd0390942"}
,"D:\\Programing\\Video_Tutorials\\_MY_TRAINING\\Javascript\\_Node.js\\The Complete Guide to Build RESTful APIs_2018\\14. Test-driven Development\\2.Project_Implementing_the_Returns\\src\\models\\genre.js": {"path":"D:\\Programing\\Video_Tutorials\\_MY_TRAINING\\Javascript\\_Node.js\\The Complete Guide to Build RESTful APIs_2018\\14. Test-driven Development\\2.Project_Implementing_the_Returns\\src\\models\\genre.js","statementMap":{"0":{"start":{"line":1,"column":17},"end":{"line":1,"column":36}},"1":{"start":{"line":2,"column":20},"end":{"line":9,"column":2}},"2":{"start":{"line":10,"column":14},"end":{"line":10,"column":50}},"3":{"start":{"line":13,"column":0},"end":{"line":13,"column":38}}},"fnMap":{},"branchMap":{},"s":{"0":2,"1":2,"2":2,"3":2},"f":{},"b":{},"_coverageSchema":"332fd63041d2c1bcb487cc26dd0d5f7d97098a6c","hash":"77be6a022a7663406a5b17d1285b80dfeb154298"}
,"D:\\Programing\\Video_Tutorials\\_MY_TRAINING\\Javascript\\_Node.js\\The Complete Guide to Build RESTful APIs_2018\\14. Test-driven Development\\2.Project_Implementing_the_Returns\\src\\models\\movie.js": {"path":"D:\\Programing\\Video_Tutorials\\_MY_TRAINING\\Javascript\\_Node.js\\The Complete Guide to Build RESTful APIs_2018\\14. Test-driven Development\\2.Project_Implementing_the_Returns\\src\\models\\movie.js","statementMap":{"0":{"start":{"line":1,"column":17},"end":{"line":1,"column":36}},"1":{"start":{"line":2,"column":20},"end":{"line":29,"column":2}},"2":{"start":{"line":30,"column":14},"end":{"line":30,"column":50}},"3":{"start":{"line":32,"column":0},"end":{"line":32,"column":38}}},"fnMap":{},"branchMap":{},"s":{"0":2,"1":2,"2":2,"3":2},"f":{},"b":{},"_coverageSchema":"332fd63041d2c1bcb487cc26dd0d5f7d97098a6c","hash":"2ce6a0795976f57d3137aed435b8a7ac961d2a09"}
,"D:\\Programing\\Video_Tutorials\\_MY_TRAINING\\Javascript\\_Node.js\\The Complete Guide to Build RESTful APIs_2018\\14. Test-driven Development\\2.Project_Implementing_the_Returns\\src\\models\\rentals.js": {"path":"D:\\Programing\\Video_Tutorials\\_MY_TRAINING\\Javascript\\_Node.js\\The Complete Guide to Build RESTful APIs_2018\\14. Test-driven Development\\2.Project_Implementing_the_Returns\\src\\models\\rentals.js","statementMap":{"0":{"start":{"line":1,"column":17},"end":{"line":1,"column":36}},"1":{"start":{"line":2,"column":22},"end":{"line":11,"column":2}},"2":{"start":{"line":12,"column":16},"end":{"line":12,"column":56}},"3":{"start":{"line":14,"column":0},"end":{"line":14,"column":42}}},"fnMap":{},"branchMap":{},"s":{"0":2,"1":2,"2":2,"3":2},"f":{},"b":{},"_coverageSchema":"332fd63041d2c1bcb487cc26dd0d5f7d97098a6c","hash":"8642aeaa4448ce12bf408d3a7778cba46b116c6d"}
,"D:\\Programing\\Video_Tutorials\\_MY_TRAINING\\Javascript\\_Node.js\\The Complete Guide to Build RESTful APIs_2018\\14. Test-driven Development\\2.Project_Implementing_the_Returns\\src\\models\\user.js": {"path":"D:\\Programing\\Video_Tutorials\\_MY_TRAINING\\Javascript\\_Node.js\\The Complete Guide to Build RESTful APIs_2018\\14. Test-driven Development\\2.Project_Implementing_the_Returns\\src\\models\\user.js","statementMap":{"0":{"start":{"line":1,"column":17},"end":{"line":1,"column":36}},"1":{"start":{"line":2,"column":12},"end":{"line":2,"column":35}},"2":{"start":{"line":3,"column":15},"end":{"line":3,"column":32}},"3":{"start":{"line":5,"column":19},"end":{"line":29,"column":2}},"4":{"start":{"line":39,"column":0},"end":{"line":45,"column":3}},"5":{"start":{"line":41,"column":18},"end":{"line":42,"column":36}},"6":{"start":{"line":43,"column":4},"end":{"line":43,"column":17}},"7":{"start":{"line":56,"column":13},"end":{"line":56,"column":47}},"8":{"start":{"line":59,"column":0},"end":{"line":59,"column":36}}},"fnMap":{"0":{"name":"(anonymous_0)","decl":{"start":{"line":40,"column":21},"end":{"line":40,"column":22}},"loc":{"start":{"line":40,"column":32},"end":{"line":44,"column":3}},"line":40}},"branchMap":{},"s":{"0":4,"1":4,"2":4,"3":4,"4":4,"5":17,"6":17,"7":4,"8":4},"f":{"0":17},"b":{},"_coverageSchema":"332fd63041d2c1bcb487cc26dd0d5f7d97098a6c","hash":"faf64082540c0270b35f94b71a48192d27bbe45b"}
,"D:\\Programing\\Video_Tutorials\\_MY_TRAINING\\Javascript\\_Node.js\\The Complete Guide to Build RESTful APIs_2018\\14. Test-driven Development\\2.Project_Implementing_the_Returns\\src\\routes\\auth.js": {"path":"D:\\Programing\\Video_Tutorials\\_MY_TRAINING\\Javascript\\_Node.js\\The Complete Guide to Build RESTful APIs_2018\\14. Test-driven Development\\2.Project_Implementing_the_Returns\\src\\routes\\auth.js","statementMap":{"0":{"start":{"line":1,"column":15},"end":{"line":1,"column":32}},"1":{"start":{"line":2,"column":16},"end":{"line":2,"column":34}},"2":{"start":{"line":3,"column":15},"end":{"line":3,"column":31}},"3":{"start":{"line":5,"column":15},"end":{"line":5,"column":40}},"4":{"start":{"line":6,"column":30},"end":{"line":6,"column":66}},"5":{"start":{"line":10,"column":0},"end":{"line":54,"column":3}},"6":{"start":{"line":12,"column":2},"end":{"line":53,"column":3}},"7":{"start":{"line":13,"column":20},"end":{"line":13,"column":49}},"8":{"start":{"line":14,"column":4},"end":{"line":14,"column":69}},"9":{"start":{"line":14,"column":15},"end":{"line":14,"column":69}},"10":{"start":{"line":16,"column":17},"end":{"line":16,"column":60}},"11":{"start":{"line":17,"column":4},"end":{"line":17,"column":73}},"12":{"start":{"line":17,"column":15},"end":{"line":17,"column":73}},"13":{"start":{"line":25,"column":26},"end":{"line":27,"column":22}},"14":{"start":{"line":28,"column":4},"end":{"line":30,"column":5}},"15":{"start":{"line":29,"column":6},"end":{"line":29,"column":64}},"16":{"start":{"line":41,"column":18},"end":{"line":41,"column":42}},"17":{"start":{"line":42,"column":4},"end":{"line":42,"column":27}},"18":{"start":{"line":52,"column":4},"end":{"line":52,"column":20}},"19":{"start":{"line":56,"column":0},"end":{"line":56,"column":32}}},"fnMap":{"0":{"name":"(anonymous_0)","decl":{"start":{"line":10,"column":17},"end":{"line":10,"column":18}},"loc":{"start":{"line":10,"column":48},"end":{"line":54,"column":1}},"line":10}},"branchMap":{"0":{"loc":{"start":{"line":14,"column":4},"end":{"line":14,"column":69}},"type":"if","locations":[{"start":{"line":14,"column":4},"end":{"line":14,"column":69}},{"start":{"line":14,"column":4},"end":{"line":14,"column":69}}],"line":14},"1":{"loc":{"start":{"line":17,"column":4},"end":{"line":17,"column":73}},"type":"if","locations":[{"start":{"line":17,"column":4},"end":{"line":17,"column":73}},{"start":{"line":17,"column":4},"end":{"line":17,"column":73}}],"line":17},"2":{"loc":{"start":{"line":28,"column":4},"end":{"line":30,"column":5}},"type":"if","locations":[{"start":{"line":28,"column":4},"end":{"line":30,"column":5}},{"start":{"line":28,"column":4},"end":{"line":30,"column":5}}],"line":28}},"s":{"0":2,"1":2,"2":2,"3":2,"4":2,"5":2,"6":0,"7":0,"8":0,"9":0,"10":0,"11":0,"12":0,"13":0,"14":0,"15":0,"16":0,"17":0,"18":0,"19":2},"f":{"0":0},"b":{"0":[0,0],"1":[0,0],"2":[0,0]},"_coverageSchema":"332fd63041d2c1bcb487cc26dd0d5f7d97098a6c","hash":"f09cfe65c54a3e7b29976e36b1672c579baa5301"}
,"D:\\Programing\\Video_Tutorials\\_MY_TRAINING\\Javascript\\_Node.js\\The Complete Guide to Build RESTful APIs_2018\\14. Test-driven Development\\2.Project_Implementing_the_Returns\\src\\routes\\customers.js": {"path":"D:\\Programing\\Video_Tutorials\\_MY_TRAINING\\Javascript\\_Node.js\\The Complete Guide to Build RESTful APIs_2018\\14. Test-driven Development\\2.Project_Implementing_the_Returns\\src\\routes\\customers.js","statementMap":{"0":{"start":{"line":1,"column":13},"end":{"line":1,"column":42}},"1":{"start":{"line":2,"column":16},"end":{"line":2,"column":34}},"2":{"start":{"line":3,"column":15},"end":{"line":3,"column":31}},"3":{"start":{"line":4,"column":19},"end":{"line":4,"column":48}},"4":{"start":{"line":6,"column":26},"end":{"line":6,"column":62}},"5":{"start":{"line":8,"column":0},"end":{"line":18,"column":3}},"6":{"start":{"line":9,"column":2},"end":{"line":17,"column":3}},"7":{"start":{"line":10,"column":22},"end":{"line":10,"column":59}},"8":{"start":{"line":11,"column":4},"end":{"line":11,"column":31}},"9":{"start":{"line":14,"column":4},"end":{"line":14,"column":31}},"10":{"start":{"line":16,"column":4},"end":{"line":16,"column":52}},"11":{"start":{"line":20,"column":0},"end":{"line":31,"column":3}},"12":{"start":{"line":21,"column":2},"end":{"line":30,"column":3}},"13":{"start":{"line":22,"column":21},"end":{"line":22,"column":59}},"14":{"start":{"line":23,"column":4},"end":{"line":23,"column":68}},"15":{"start":{"line":23,"column":19},"end":{"line":23,"column":68}},"16":{"start":{"line":24,"column":4},"end":{"line":24,"column":30}},"17":{"start":{"line":27,"column":4},"end":{"line":27,"column":31}},"18":{"start":{"line":29,"column":4},"end":{"line":29,"column":52}},"19":{"start":{"line":33,"column":0},"end":{"line":50,"column":3}},"20":{"start":{"line":34,"column":2},"end":{"line":49,"column":3}},"21":{"start":{"line":35,"column":20},"end":{"line":35,"column":45}},"22":{"start":{"line":36,"column":4},"end":{"line":36,"column":69}},"23":{"start":{"line":36,"column":15},"end":{"line":36,"column":69}},"24":{"start":{"line":38,"column":19},"end":{"line":41,"column":6}},"25":{"start":{"line":42,"column":4},"end":{"line":42,"column":37}},"26":{"start":{"line":43,"column":4},"end":{"line":43,"column":30}},"27":{"start":{"line":46,"column":4},"end":{"line":46,"column":31}},"28":{"start":{"line":48,"column":4},"end":{"line":48,"column":52}},"29":{"start":{"line":52,"column":0},"end":{"line":72,"column":3}},"30":{"start":{"line":53,"column":2},"end":{"line":71,"column":3}},"31":{"start":{"line":54,"column":20},"end":{"line":54,"column":50}},"32":{"start":{"line":55,"column":4},"end":{"line":55,"column":69}},"33":{"start":{"line":55,"column":15},"end":{"line":55,"column":69}},"34":{"start":{"line":57,"column":19},"end":{"line":57,"column":57}},"35":{"start":{"line":58,"column":4},"end":{"line":58,"column":68}},"36":{"start":{"line":58,"column":19},"end":{"line":58,"column":68}},"37":{"start":{"line":63,"column":4},"end":{"line":63,"column":36}},"38":{"start":{"line":64,"column":4},"end":{"line":64,"column":37}},"39":{"start":{"line":65,"column":4},"end":{"line":65,"column":30}},"40":{"start":{"line":68,"column":4},"end":{"line":68,"column":31}},"41":{"start":{"line":70,"column":4},"end":{"line":70,"column":52}},"42":{"start":{"line":74,"column":0},"end":{"line":85,"column":3}},"43":{"start":{"line":75,"column":2},"end":{"line":84,"column":3}},"44":{"start":{"line":76,"column":21},"end":{"line":76,"column":68}},"45":{"start":{"line":77,"column":4},"end":{"line":77,"column":68}},"46":{"start":{"line":77,"column":19},"end":{"line":77,"column":68}},"47":{"start":{"line":78,"column":4},"end":{"line":78,"column":30}},"48":{"start":{"line":81,"column":4},"end":{"line":81,"column":31}},"49":{"start":{"line":83,"column":4},"end":{"line":83,"column":52}},"50":{"start":{"line":87,"column":0},"end":{"line":87,"column":37}}},"fnMap":{"0":{"name":"(anonymous_0)","decl":{"start":{"line":8,"column":16},"end":{"line":8,"column":17}},"loc":{"start":{"line":8,"column":41},"end":{"line":18,"column":1}},"line":8},"1":{"name":"(anonymous_1)","decl":{"start":{"line":20,"column":19},"end":{"line":20,"column":20}},"loc":{"start":{"line":20,"column":44},"end":{"line":31,"column":1}},"line":20},"2":{"name":"(anonymous_2)","decl":{"start":{"line":33,"column":23},"end":{"line":33,"column":24}},"loc":{"start":{"line":33,"column":48},"end":{"line":50,"column":1}},"line":33},"3":{"name":"(anonymous_3)","decl":{"start":{"line":52,"column":25},"end":{"line":52,"column":26}},"loc":{"start":{"line":52,"column":50},"end":{"line":72,"column":1}},"line":52},"4":{"name":"(anonymous_4)","decl":{"start":{"line":74,"column":28},"end":{"line":74,"column":29}},"loc":{"start":{"line":74,"column":53},"end":{"line":85,"column":1}},"line":74}},"branchMap":{"0":{"loc":{"start":{"line":23,"column":4},"end":{"line":23,"column":68}},"type":"if","locations":[{"start":{"line":23,"column":4},"end":{"line":23,"column":68}},{"start":{"line":23,"column":4},"end":{"line":23,"column":68}}],"line":23},"1":{"loc":{"start":{"line":36,"column":4},"end":{"line":36,"column":69}},"type":"if","locations":[{"start":{"line":36,"column":4},"end":{"line":36,"column":69}},{"start":{"line":36,"column":4},"end":{"line":36,"column":69}}],"line":36},"2":{"loc":{"start":{"line":55,"column":4},"end":{"line":55,"column":69}},"type":"if","locations":[{"start":{"line":55,"column":4},"end":{"line":55,"column":69}},{"start":{"line":55,"column":4},"end":{"line":55,"column":69}}],"line":55},"3":{"loc":{"start":{"line":58,"column":4},"end":{"line":58,"column":68}},"type":"if","locations":[{"start":{"line":58,"column":4},"end":{"line":58,"column":68}},{"start":{"line":58,"column":4},"end":{"line":58,"column":68}}],"line":58},"4":{"loc":{"start":{"line":77,"column":4},"end":{"line":77,"column":68}},"type":"if","locations":[{"start":{"line":77,"column":4},"end":{"line":77,"column":68}},{"start":{"line":77,"column":4},"end":{"line":77,"column":68}}],"line":77}},"s":{"0":2,"1":2,"2":2,"3":2,"4":2,"5":2,"6":0,"7":0,"8":0,"9":0,"10":0,"11":2,"12":0,"13":0,"14":0,"15":0,"16":0,"17":0,"18":0,"19":2,"20":0,"21":0,"22":0,"23":0,"24":0,"25":0,"26":0,"27":0,"28":0,"29":2,"30":0,"31":0,"32":0,"33":0,"34":0,"35":0,"36":0,"37":0,"38":0,"39":0,"40":0,"41":0,"42":2,"43":0,"44":0,"45":0,"46":0,"47":0,"48":0,"49":0,"50":2},"f":{"0":0,"1":0,"2":0,"3":0,"4":0},"b":{"0":[0,0],"1":[0,0],"2":[0,0],"3":[0,0],"4":[0,0]},"_coverageSchema":"332fd63041d2c1bcb487cc26dd0d5f7d97098a6c","hash":"1e0eed82b0ad66062ac34ba673828f7f9bb10911"}
,"D:\\Programing\\Video_Tutorials\\_MY_TRAINING\\Javascript\\_Node.js\\The Complete Guide to Build RESTful APIs_2018\\14. Test-driven Development\\2.Project_Implementing_the_Returns\\src\\routes\\genres.js": {"path":"D:\\Programing\\Video_Tutorials\\_MY_TRAINING\\Javascript\\_Node.js\\The Complete Guide to Build RESTful APIs_2018\\14. Test-driven Development\\2.Project_Implementing_the_Returns\\src\\routes\\genres.js","statementMap":{"0":{"start":{"line":1,"column":14},"end":{"line":1,"column":44}},"1":{"start":{"line":2,"column":13},"end":{"line":2,"column":42}},"2":{"start":{"line":3,"column":16},"end":{"line":3,"column":34}},"3":{"start":{"line":4,"column":15},"end":{"line":4,"column":31}},"4":{"start":{"line":5,"column":16},"end":{"line":5,"column":42}},"5":{"start":{"line":6,"column":26},"end":{"line":6,"column":62}},"6":{"start":{"line":7,"column":25},"end":{"line":7,"column":67}},"7":{"start":{"line":12,"column":0},"end":{"line":20,"column":3}},"8":{"start":{"line":14,"column":2},"end":{"line":19,"column":3}},"9":{"start":{"line":15,"column":19},"end":{"line":15,"column":50}},"10":{"start":{"line":16,"column":4},"end":{"line":16,"column":28}},"11":{"start":{"line":18,"column":4},"end":{"line":18,"column":20}},"12":{"start":{"line":22,"column":0},"end":{"line":34,"column":3}},"13":{"start":{"line":24,"column":2},"end":{"line":33,"column":3}},"14":{"start":{"line":25,"column":18},"end":{"line":25,"column":53}},"15":{"start":{"line":26,"column":4},"end":{"line":29,"column":5}},"16":{"start":{"line":27,"column":6},"end":{"line":28,"column":62}},"17":{"start":{"line":30,"column":4},"end":{"line":30,"column":27}},"18":{"start":{"line":32,"column":4},"end":{"line":32,"column":20}},"19":{"start":{"line":38,"column":0},"end":{"line":50,"column":3}},"20":{"start":{"line":41,"column":2},"end":{"line":48,"column":3}},"21":{"start":{"line":42,"column":20},"end":{"line":42,"column":45}},"22":{"start":{"line":43,"column":4},"end":{"line":43,"column":69}},"23":{"start":{"line":43,"column":15},"end":{"line":43,"column":69}},"24":{"start":{"line":44,"column":4},"end":{"line":44,"column":45}},"25":{"start":{"line":45,"column":4},"end":{"line":45,"column":31}},"26":{"start":{"line":47,"column":4},"end":{"line":47,"column":20}},"27":{"start":{"line":49,"column":2},"end":{"line":49,"column":25}},"28":{"start":{"line":55,"column":0},"end":{"line":73,"column":3}},"29":{"start":{"line":58,"column":2},"end":{"line":71,"column":3}},"30":{"start":{"line":59,"column":20},"end":{"line":59,"column":45}},"31":{"start":{"line":60,"column":4},"end":{"line":60,"column":69}},"32":{"start":{"line":60,"column":15},"end":{"line":60,"column":69}},"33":{"start":{"line":61,"column":4},"end":{"line":64,"column":21}},"34":{"start":{"line":65,"column":4},"end":{"line":68,"column":5}},"35":{"start":{"line":66,"column":6},"end":{"line":67,"column":62}},"36":{"start":{"line":70,"column":4},"end":{"line":70,"column":20}},"37":{"start":{"line":72,"column":2},"end":{"line":72,"column":25}},"38":{"start":{"line":79,"column":0},"end":{"line":92,"column":3}},"39":{"start":{"line":82,"column":2},"end":{"line":90,"column":3}},"40":{"start":{"line":83,"column":4},"end":{"line":83,"column":57}},"41":{"start":{"line":84,"column":4},"end":{"line":87,"column":5}},"42":{"start":{"line":85,"column":6},"end":{"line":86,"column":62}},"43":{"start":{"line":89,"column":4},"end":{"line":89,"column":20}},"44":{"start":{"line":91,"column":2},"end":{"line":91,"column":25}},"45":{"start":{"line":94,"column":0},"end":{"line":94,"column":34}}},"fnMap":{"0":{"name":"(anonymous_0)","decl":{"start":{"line":12,"column":16},"end":{"line":12,"column":17}},"loc":{"start":{"line":12,"column":47},"end":{"line":20,"column":1}},"line":12},"1":{"name":"(anonymous_1)","decl":{"start":{"line":22,"column":37},"end":{"line":22,"column":38}},"loc":{"start":{"line":22,"column":68},"end":{"line":34,"column":1}},"line":22},"2":{"name":"(anonymous_2)","decl":{"start":{"line":38,"column":23},"end":{"line":38,"column":24}},"loc":{"start":{"line":38,"column":54},"end":{"line":50,"column":1}},"line":38},"3":{"name":"(anonymous_3)","decl":{"start":{"line":55,"column":25},"end":{"line":55,"column":26}},"loc":{"start":{"line":55,"column":56},"end":{"line":73,"column":1}},"line":55},"4":{"name":"(anonymous_4)","decl":{"start":{"line":79,"column":37},"end":{"line":79,"column":38}},"loc":{"start":{"line":79,"column":68},"end":{"line":92,"column":1}},"line":79}},"branchMap":{"0":{"loc":{"start":{"line":26,"column":4},"end":{"line":29,"column":5}},"type":"if","locations":[{"start":{"line":26,"column":4},"end":{"line":29,"column":5}},{"start":{"line":26,"column":4},"end":{"line":29,"column":5}}],"line":26},"1":{"loc":{"start":{"line":43,"column":4},"end":{"line":43,"column":69}},"type":"if","locations":[{"start":{"line":43,"column":4},"end":{"line":43,"column":69}},{"start":{"line":43,"column":4},"end":{"line":43,"column":69}}],"line":43},"2":{"loc":{"start":{"line":60,"column":4},"end":{"line":60,"column":69}},"type":"if","locations":[{"start":{"line":60,"column":4},"end":{"line":60,"column":69}},{"start":{"line":60,"column":4},"end":{"line":60,"column":69}}],"line":60},"3":{"loc":{"start":{"line":65,"column":4},"end":{"line":68,"column":5}},"type":"if","locations":[{"start":{"line":65,"column":4},"end":{"line":68,"column":5}},{"start":{"line":65,"column":4},"end":{"line":68,"column":5}}],"line":65},"4":{"loc":{"start":{"line":84,"column":4},"end":{"line":87,"column":5}},"type":"if","locations":[{"start":{"line":84,"column":4},"end":{"line":87,"column":5}},{"start":{"line":84,"column":4},"end":{"line":87,"column":5}}],"line":84}},"s":{"0":2,"1":2,"2":2,"3":2,"4":2,"5":2,"6":2,"7":2,"8":1,"9":1,"10":1,"11":0,"12":2,"13":2,"14":2,"15":2,"16":1,"17":1,"18":0,"19":2,"20":5,"21":5,"22":5,"23":2,"24":3,"25":3,"26":0,"27":3,"28":2,"29":4,"30":4,"31":4,"32":2,"33":2,"34":2,"35":1,"36":0,"37":1,"38":2,"39":2,"40":2,"41":2,"42":1,"43":0,"44":1,"45":2},"f":{"0":1,"1":2,"2":5,"3":4,"4":2},"b":{"0":[1,1],"1":[2,3],"2":[2,2],"3":[1,1],"4":[1,1]},"_coverageSchema":"332fd63041d2c1bcb487cc26dd0d5f7d97098a6c","hash":"1a4beb41cb319aa5a8a0c2df51e3146ba1c80bed"}
,"D:\\Programing\\Video_Tutorials\\_MY_TRAINING\\Javascript\\_Node.js\\The Complete Guide to Build RESTful APIs_2018\\14. Test-driven Development\\2.Project_Implementing_the_Returns\\src\\routes\\home.js": {"path":"D:\\Programing\\Video_Tutorials\\_MY_TRAINING\\Javascript\\_Node.js\\The Complete Guide to Build RESTful APIs_2018\\14. Test-driven Development\\2.Project_Implementing_the_Returns\\src\\routes\\home.js","statementMap":{"0":{"start":{"line":1,"column":16},"end":{"line":1,"column":34}},"1":{"start":{"line":3,"column":15},"end":{"line":3,"column":31}},"2":{"start":{"line":5,"column":0},"end":{"line":7,"column":3}},"3":{"start":{"line":6,"column":2},"end":{"line":6,"column":58}},"4":{"start":{"line":9,"column":0},"end":{"line":9,"column":24}}},"fnMap":{"0":{"name":"(anonymous_0)","decl":{"start":{"line":5,"column":16},"end":{"line":5,"column":17}},"loc":{"start":{"line":5,"column":35},"end":{"line":7,"column":1}},"line":5}},"branchMap":{},"s":{"0":2,"1":2,"2":2,"3":0,"4":2},"f":{"0":0},"b":{},"_coverageSchema":"332fd63041d2c1bcb487cc26dd0d5f7d97098a6c","hash":"0d89829a31ed9237489ecfd8152bd21092c7bd92"}
,"D:\\Programing\\Video_Tutorials\\_MY_TRAINING\\Javascript\\_Node.js\\The Complete Guide to Build RESTful APIs_2018\\14. Test-driven Development\\2.Project_Implementing_the_Returns\\src\\routes\\movies.js": {"path":"D:\\Programing\\Video_Tutorials\\_MY_TRAINING\\Javascript\\_Node.js\\The Complete Guide to Build RESTful APIs_2018\\14. Test-driven Development\\2.Project_Implementing_the_Returns\\src\\routes\\movies.js","statementMap":{"0":{"start":{"line":1,"column":13},"end":{"line":1,"column":42}},"1":{"start":{"line":2,"column":16},"end":{"line":2,"column":34}},"2":{"start":{"line":3,"column":15},"end":{"line":3,"column":31}},"3":{"start":{"line":4,"column":16},"end":{"line":4,"column":42}},"4":{"start":{"line":5,"column":16},"end":{"line":5,"column":42}},"5":{"start":{"line":7,"column":31},"end":{"line":7,"column":67}},"6":{"start":{"line":9,"column":0},"end":{"line":18,"column":3}},"7":{"start":{"line":12,"column":2},"end":{"line":16,"column":3}},"8":{"start":{"line":13,"column":4},"end":{"line":13,"column":48}},"9":{"start":{"line":15,"column":4},"end":{"line":15,"column":20}},"10":{"start":{"line":17,"column":2},"end":{"line":17,"column":26}},"11":{"start":{"line":20,"column":0},"end":{"line":30,"column":3}},"12":{"start":{"line":23,"column":2},"end":{"line":28,"column":3}},"13":{"start":{"line":24,"column":4},"end":{"line":24,"column":48}},"14":{"start":{"line":25,"column":4},"end":{"line":25,"column":62}},"15":{"start":{"line":25,"column":16},"end":{"line":25,"column":62}},"16":{"start":{"line":27,"column":4},"end":{"line":27,"column":20}},"17":{"start":{"line":29,"column":2},"end":{"line":29,"column":25}},"18":{"start":{"line":32,"column":0},"end":{"line":57,"column":3}},"19":{"start":{"line":35,"column":2},"end":{"line":55,"column":3}},"20":{"start":{"line":36,"column":20},"end":{"line":36,"column":50}},"21":{"start":{"line":37,"column":4},"end":{"line":37,"column":69}},"22":{"start":{"line":37,"column":15},"end":{"line":37,"column":69}},"23":{"start":{"line":39,"column":18},"end":{"line":39,"column":66}},"24":{"start":{"line":40,"column":4},"end":{"line":40,"column":62}},"25":{"start":{"line":40,"column":16},"end":{"line":40,"column":62}},"26":{"start":{"line":42,"column":20},"end":{"line":42,"column":29}},"27":{"start":{"line":43,"column":4},"end":{"line":51,"column":7}},"28":{"start":{"line":52,"column":4},"end":{"line":52,"column":31}},"29":{"start":{"line":54,"column":4},"end":{"line":54,"column":20}},"30":{"start":{"line":56,"column":2},"end":{"line":56,"column":25}},"31":{"start":{"line":59,"column":0},"end":{"line":80,"column":3}},"32":{"start":{"line":62,"column":2},"end":{"line":78,"column":3}},"33":{"start":{"line":63,"column":20},"end":{"line":63,"column":55}},"34":{"start":{"line":64,"column":4},"end":{"line":64,"column":69}},"35":{"start":{"line":64,"column":15},"end":{"line":64,"column":69}},"36":{"start":{"line":66,"column":4},"end":{"line":66,"column":48}},"37":{"start":{"line":67,"column":4},"end":{"line":67,"column":62}},"38":{"start":{"line":67,"column":16},"end":{"line":67,"column":62}},"39":{"start":{"line":72,"column":4},"end":{"line":72,"column":33}},"40":{"start":{"line":75,"column":4},"end":{"line":75,"column":31}},"41":{"start":{"line":77,"column":4},"end":{"line":77,"column":20}},"42":{"start":{"line":79,"column":2},"end":{"line":79,"column":25}},"43":{"start":{"line":82,"column":0},"end":{"line":92,"column":3}},"44":{"start":{"line":85,"column":2},"end":{"line":90,"column":3}},"45":{"start":{"line":86,"column":4},"end":{"line":86,"column":57}},"46":{"start":{"line":87,"column":4},"end":{"line":87,"column":62}},"47":{"start":{"line":87,"column":16},"end":{"line":87,"column":62}},"48":{"start":{"line":89,"column":4},"end":{"line":89,"column":20}},"49":{"start":{"line":91,"column":2},"end":{"line":91,"column":25}},"50":{"start":{"line":95,"column":0},"end":{"line":95,"column":34}}},"fnMap":{"0":{"name":"(anonymous_0)","decl":{"start":{"line":9,"column":16},"end":{"line":9,"column":17}},"loc":{"start":{"line":9,"column":47},"end":{"line":18,"column":1}},"line":9},"1":{"name":"(anonymous_1)","decl":{"start":{"line":20,"column":19},"end":{"line":20,"column":20}},"loc":{"start":{"line":20,"column":50},"end":{"line":30,"column":1}},"line":20},"2":{"name":"(anonymous_2)","decl":{"start":{"line":32,"column":23},"end":{"line":32,"column":24}},"loc":{"start":{"line":32,"column":54},"end":{"line":57,"column":1}},"line":32},"3":{"name":"(anonymous_3)","decl":{"start":{"line":59,"column":25},"end":{"line":59,"column":26}},"loc":{"start":{"line":59,"column":56},"end":{"line":80,"column":1}},"line":59},"4":{"name":"(anonymous_4)","decl":{"start":{"line":82,"column":28},"end":{"line":82,"column":29}},"loc":{"start":{"line":82,"column":59},"end":{"line":92,"column":1}},"line":82}},"branchMap":{"0":{"loc":{"start":{"line":25,"column":4},"end":{"line":25,"column":62}},"type":"if","locations":[{"start":{"line":25,"column":4},"end":{"line":25,"column":62}},{"start":{"line":25,"column":4},"end":{"line":25,"column":62}}],"line":25},"1":{"loc":{"start":{"line":37,"column":4},"end":{"line":37,"column":69}},"type":"if","locations":[{"start":{"line":37,"column":4},"end":{"line":37,"column":69}},{"start":{"line":37,"column":4},"end":{"line":37,"column":69}}],"line":37},"2":{"loc":{"start":{"line":40,"column":4},"end":{"line":40,"column":62}},"type":"if","locations":[{"start":{"line":40,"column":4},"end":{"line":40,"column":62}},{"start":{"line":40,"column":4},"end":{"line":40,"column":62}}],"line":40},"3":{"loc":{"start":{"line":64,"column":4},"end":{"line":64,"column":69}},"type":"if","locations":[{"start":{"line":64,"column":4},"end":{"line":64,"column":69}},{"start":{"line":64,"column":4},"end":{"line":64,"column":69}}],"line":64},"4":{"loc":{"start":{"line":67,"column":4},"end":{"line":67,"column":62}},"type":"if","locations":[{"start":{"line":67,"column":4},"end":{"line":67,"column":62}},{"start":{"line":67,"column":4},"end":{"line":67,"column":62}}],"line":67},"5":{"loc":{"start":{"line":87,"column":4},"end":{"line":87,"column":62}},"type":"if","locations":[{"start":{"line":87,"column":4},"end":{"line":87,"column":62}},{"start":{"line":87,"column":4},"end":{"line":87,"column":62}}],"line":87}},"s":{"0":2,"1":2,"2":2,"3":2,"4":2,"5":2,"6":2,"7":0,"8":0,"9":0,"10":0,"11":2,"12":0,"13":0,"14":0,"15":0,"16":0,"17":0,"18":2,"19":0,"20":0,"21":0,"22":0,"23":0,"24":0,"25":0,"26":0,"27":0,"28":0,"29":0,"30":0,"31":2,"32":0,"33":0,"34":0,"35":0,"36":0,"37":0,"38":0,"39":0,"40":0,"41":0,"42":0,"43":2,"44":0,"45":0,"46":0,"47":0,"48":0,"49":0,"50":2},"f":{"0":0,"1":0,"2":0,"3":0,"4":0},"b":{"0":[0,0],"1":[0,0],"2":[0,0],"3":[0,0],"4":[0,0],"5":[0,0]},"_coverageSchema":"332fd63041d2c1bcb487cc26dd0d5f7d97098a6c","hash":"29c71d74db7fb641ace7f664900d5e5e198176cc"}
,"D:\\Programing\\Video_Tutorials\\_MY_TRAINING\\Javascript\\_Node.js\\The Complete Guide to Build RESTful APIs_2018\\14. Test-driven Development\\2.Project_Implementing_the_Returns\\src\\routes\\rentals.js": {"path":"D:\\Programing\\Video_Tutorials\\_MY_TRAINING\\Javascript\\_Node.js\\The Complete Guide to Build RESTful APIs_2018\\14. Test-driven Development\\2.Project_Implementing_the_Returns\\src\\routes\\rentals.js","statementMap":{"0":{"start":{"line":1,"column":13},"end":{"line":1,"column":42}},"1":{"start":{"line":2,"column":16},"end":{"line":2,"column":34}},"2":{"start":{"line":3,"column":15},"end":{"line":3,"column":31}},"3":{"start":{"line":4,"column":18},"end":{"line":4,"column":46}},"4":{"start":{"line":5,"column":19},"end":{"line":5,"column":48}},"5":{"start":{"line":6,"column":16},"end":{"line":6,"column":42}},"6":{"start":{"line":7,"column":33},"end":{"line":7,"column":69}},"7":{"start":{"line":8,"column":17},"end":{"line":8,"column":36}},"8":{"start":{"line":9,"column":13},"end":{"line":9,"column":28}},"9":{"start":{"line":10,"column":0},"end":{"line":10,"column":20}},"10":{"start":{"line":12,"column":0},"end":{"line":21,"column":3}},"11":{"start":{"line":15,"column":2},"end":{"line":19,"column":3}},"12":{"start":{"line":16,"column":4},"end":{"line":16,"column":35}},"13":{"start":{"line":18,"column":4},"end":{"line":18,"column":13}},"14":{"start":{"line":20,"column":2},"end":{"line":20,"column":20}},"15":{"start":{"line":23,"column":0},"end":{"line":82,"column":3}},"16":{"start":{"line":26,"column":2},"end":{"line":81,"column":3}},"17":{"start":{"line":27,"column":20},"end":{"line":27,"column":52}},"18":{"start":{"line":28,"column":4},"end":{"line":28,"column":69}},"19":{"start":{"line":28,"column":15},"end":{"line":28,"column":69}},"20":{"start":{"line":30,"column":19},"end":{"line":30,"column":65}},"21":{"start":{"line":31,"column":4},"end":{"line":31,"column":68}},"22":{"start":{"line":31,"column":19},"end":{"line":31,"column":68}},"23":{"start":{"line":33,"column":4},"end":{"line":36,"column":6}},"24":{"start":{"line":38,"column":21},"end":{"line":38,"column":36}},"25":{"start":{"line":39,"column":4},"end":{"line":42,"column":7}},"26":{"start":{"line":46,"column":19},"end":{"line":51,"column":27}},"27":{"start":{"line":47,"column":26},"end":{"line":47,"column":35}},"28":{"start":{"line":48,"column":22},"end":{"line":48,"column":52}},"29":{"start":{"line":49,"column":6},"end":{"line":49,"column":32}},"30":{"start":{"line":50,"column":6},"end":{"line":50,"column":25}},"31":{"start":{"line":52,"column":4},"end":{"line":60,"column":7}},"32":{"start":{"line":53,"column":16},"end":{"line":58,"column":7}},"33":{"start":{"line":59,"column":6},"end":{"line":59,"column":29}},"34":{"start":{"line":61,"column":24},"end":{"line":77,"column":5}},"35":{"start":{"line":62,"column":6},"end":{"line":76,"column":7}},"36":{"start":{"line":63,"column":21},"end":{"line":63,"column":32}},"37":{"start":{"line":64,"column":8},"end":{"line":69,"column":9}},"38":{"start":{"line":65,"column":10},"end":{"line":68,"column":17}},"39":{"start":{"line":70,"column":8},"end":{"line":72,"column":19}},"40":{"start":{"line":73,"column":8},"end":{"line":73,"column":32}},"41":{"start":{"line":75,"column":8},"end":{"line":75,"column":50}},"42":{"start":{"line":78,"column":4},"end":{"line":78,"column":25}},"43":{"start":{"line":80,"column":4},"end":{"line":80,"column":20}},"44":{"start":{"line":84,"column":0},"end":{"line":84,"column":35}}},"fnMap":{"0":{"name":"(anonymous_0)","decl":{"start":{"line":12,"column":16},"end":{"line":12,"column":17}},"loc":{"start":{"line":12,"column":47},"end":{"line":21,"column":1}},"line":12},"1":{"name":"(anonymous_1)","decl":{"start":{"line":23,"column":23},"end":{"line":23,"column":24}},"loc":{"start":{"line":23,"column":54},"end":{"line":82,"column":1}},"line":23},"2":{"name":"(anonymous_2)","decl":{"start":{"line":46,"column":41},"end":{"line":46,"column":42}},"loc":{"start":{"line":46,"column":62},"end":{"line":51,"column":5}},"line":46},"3":{"name":"(anonymous_3)","decl":{"start":{"line":52,"column":19},"end":{"line":52,"column":20}},"loc":{"start":{"line":52,"column":32},"end":{"line":60,"column":5}},"line":52},"4":{"name":"(anonymous_4)","decl":{"start":{"line":61,"column":24},"end":{"line":61,"column":25}},"loc":{"start":{"line":61,"column":41},"end":{"line":77,"column":5}},"line":61}},"branchMap":{"0":{"loc":{"start":{"line":28,"column":4},"end":{"line":28,"column":69}},"type":"if","locations":[{"start":{"line":28,"column":4},"end":{"line":28,"column":69}},{"start":{"line":28,"column":4},"end":{"line":28,"column":69}}],"line":28},"1":{"loc":{"start":{"line":31,"column":4},"end":{"line":31,"column":68}},"type":"if","locations":[{"start":{"line":31,"column":4},"end":{"line":31,"column":68}},{"start":{"line":31,"column":4},"end":{"line":31,"column":68}}],"line":31}},"s":{"0":2,"1":2,"2":2,"3":2,"4":2,"5":2,"6":2,"7":2,"8":2,"9":2,"10":2,"11":0,"12":0,"13":0,"14":0,"15":2,"16":0,"17":0,"18":0,"19":0,"20":0,"21":0,"22":0,"23":0,"24":0,"25":0,"26":0,"27":0,"28":0,"29":0,"30":0,"31":0,"32":0,"33":0,"34":0,"35":0,"36":0,"37":0,"38":0,"39":0,"40":0,"41":0,"42":0,"43":0,"44":2},"f":{"0":0,"1":0,"2":0,"3":0,"4":0},"b":{"0":[0,0],"1":[0,0]},"_coverageSchema":"332fd63041d2c1bcb487cc26dd0d5f7d97098a6c","hash":"4dea8dbd24ebdf4ece45e860097374f996971b6f"}
,"D:\\Programing\\Video_Tutorials\\_MY_TRAINING\\Javascript\\_Node.js\\The Complete Guide to Build RESTful APIs_2018\\14. Test-driven Development\\2.Project_Implementing_the_Returns\\src\\routes\\users.js": {"path":"D:\\Programing\\Video_Tutorials\\_MY_TRAINING\\Javascript\\_Node.js\\The Complete Guide to Build RESTful APIs_2018\\14. Test-driven Development\\2.Project_Implementing_the_Returns\\src\\routes\\users.js","statementMap":{"0":{"start":{"line":1,"column":0},"end":{"line":1,"column":32}},"1":{"start":{"line":2,"column":14},"end":{"line":2,"column":44}},"2":{"start":{"line":3,"column":13},"end":{"line":3,"column":42}},"3":{"start":{"line":4,"column":15},"end":{"line":4,"column":32}},"4":{"start":{"line":5,"column":10},"end":{"line":5,"column":27}},"5":{"start":{"line":6,"column":16},"end":{"line":6,"column":34}},"6":{"start":{"line":7,"column":15},"end":{"line":7,"column":31}},"7":{"start":{"line":9,"column":15},"end":{"line":9,"column":40}},"8":{"start":{"line":10,"column":30},"end":{"line":10,"column":66}},"9":{"start":{"line":15,"column":0},"end":{"line":22,"column":3}},"10":{"start":{"line":16,"column":2},"end":{"line":16,"column":45}},"11":{"start":{"line":17,"column":14},"end":{"line":17,"column":47}},"12":{"start":{"line":18,"column":2},"end":{"line":20,"column":5}},"13":{"start":{"line":19,"column":4},"end":{"line":19,"column":50}},"14":{"start":{"line":21,"column":2},"end":{"line":21,"column":25}},"15":{"start":{"line":24,"column":0},"end":{"line":29,"column":3}},"16":{"start":{"line":25,"column":15},"end":{"line":25,"column":49}},"17":{"start":{"line":26,"column":2},"end":{"line":26,"column":58}},"18":{"start":{"line":26,"column":13},"end":{"line":26,"column":58}},"19":{"start":{"line":28,"column":2},"end":{"line":28,"column":58}},"20":{"start":{"line":31,"column":0},"end":{"line":36,"column":3}},"21":{"start":{"line":33,"column":15},"end":{"line":33,"column":68}},"22":{"start":{"line":34,"column":2},"end":{"line":34,"column":58}},"23":{"start":{"line":34,"column":13},"end":{"line":34,"column":58}},"24":{"start":{"line":35,"column":2},"end":{"line":35,"column":24}},"25":{"start":{"line":37,"column":0},"end":{"line":64,"column":3}},"26":{"start":{"line":38,"column":18},"end":{"line":38,"column":47}},"27":{"start":{"line":39,"column":2},"end":{"line":39,"column":67}},"28":{"start":{"line":39,"column":13},"end":{"line":39,"column":67}},"29":{"start":{"line":41,"column":13},"end":{"line":41,"column":56}},"30":{"start":{"line":42,"column":2},"end":{"line":42,"column":63}},"31":{"start":{"line":42,"column":12},"end":{"line":42,"column":63}},"32":{"start":{"line":44,"column":2},"end":{"line":48,"column":5}},"33":{"start":{"line":50,"column":15},"end":{"line":50,"column":39}},"34":{"start":{"line":51,"column":2},"end":{"line":51,"column":61}},"35":{"start":{"line":55,"column":2},"end":{"line":55,"column":27}},"36":{"start":{"line":60,"column":16},"end":{"line":60,"column":40}},"37":{"start":{"line":62,"column":2},"end":{"line":63,"column":52}},"38":{"start":{"line":66,"column":0},"end":{"line":66,"column":33}}},"fnMap":{"0":{"name":"(anonymous_0)","decl":{"start":{"line":15,"column":29},"end":{"line":15,"column":30}},"loc":{"start":{"line":15,"column":54},"end":{"line":22,"column":1}},"line":15},"1":{"name":"(anonymous_1)","decl":{"start":{"line":18,"column":20},"end":{"line":18,"column":21}},"loc":{"start":{"line":18,"column":30},"end":{"line":20,"column":3}},"line":18},"2":{"name":"(anonymous_2)","decl":{"start":{"line":24,"column":35},"end":{"line":24,"column":36}},"loc":{"start":{"line":24,"column":66},"end":{"line":29,"column":1}},"line":24},"3":{"name":"(anonymous_3)","decl":{"start":{"line":31,"column":24},"end":{"line":31,"column":25}},"loc":{"start":{"line":31,"column":49},"end":{"line":36,"column":1}},"line":31},"4":{"name":"(anonymous_4)","decl":{"start":{"line":37,"column":17},"end":{"line":37,"column":18}},"loc":{"start":{"line":37,"column":42},"end":{"line":64,"column":1}},"line":37}},"branchMap":{"0":{"loc":{"start":{"line":26,"column":2},"end":{"line":26,"column":58}},"type":"if","locations":[{"start":{"line":26,"column":2},"end":{"line":26,"column":58}},{"start":{"line":26,"column":2},"end":{"line":26,"column":58}}],"line":26},"1":{"loc":{"start":{"line":34,"column":2},"end":{"line":34,"column":58}},"type":"if","locations":[{"start":{"line":34,"column":2},"end":{"line":34,"column":58}},{"start":{"line":34,"column":2},"end":{"line":34,"column":58}}],"line":34},"2":{"loc":{"start":{"line":39,"column":2},"end":{"line":39,"column":67}},"type":"if","locations":[{"start":{"line":39,"column":2},"end":{"line":39,"column":67}},{"start":{"line":39,"column":2},"end":{"line":39,"column":67}}],"line":39},"3":{"loc":{"start":{"line":42,"column":2},"end":{"line":42,"column":63}},"type":"if","locations":[{"start":{"line":42,"column":2},"end":{"line":42,"column":63}},{"start":{"line":42,"column":2},"end":{"line":42,"column":63}}],"line":42}},"s":{"0":2,"1":2,"2":2,"3":2,"4":2,"5":2,"6":2,"7":2,"8":2,"9":2,"10":0,"11":0,"12":0,"13":0,"14":0,"15":2,"16":0,"17":0,"18":0,"19":0,"20":2,"21":0,"22":0,"23":0,"24":0,"25":2,"26":0,"27":0,"28":0,"29":0,"30":0,"31":0,"32":0,"33":0,"34":0,"35":0,"36":0,"37":0,"38":2},"f":{"0":0,"1":0,"2":0,"3":0,"4":0},"b":{"0":[0,0],"1":[0,0],"2":[0,0],"3":[0,0]},"_coverageSchema":"332fd63041d2c1bcb487cc26dd0d5f7d97098a6c","hash":"552d3cfa822382b677f6e8fd1419ce335dde96bb"}
,"D:\\Programing\\Video_Tutorials\\_MY_TRAINING\\Javascript\\_Node.js\\The Complete Guide to Build RESTful APIs_2018\\14. Test-driven Development\\2.Project_Implementing_the_Returns\\src\\startup\\config.js": {"path":"D:\\Programing\\Video_Tutorials\\_MY_TRAINING\\Javascript\\_Node.js\\The Complete Guide to Build RESTful APIs_2018\\14. Test-driven Development\\2.Project_Implementing_the_Returns\\src\\startup\\config.js","statementMap":{"0":{"start":{"line":1,"column":15},"end":{"line":1,"column":32}},"1":{"start":{"line":3,"column":0},"end":{"line":7,"column":2}},"2":{"start":{"line":4,"column":2},"end":{"line":6,"column":3}},"3":{"start":{"line":5,"column":4},"end":{"line":5,"column":66}}},"fnMap":{"0":{"name":"(anonymous_0)","decl":{"start":{"line":3,"column":17},"end":{"line":3,"column":18}},"loc":{"start":{"line":3,"column":28},"end":{"line":7,"column":1}},"line":3}},"branchMap":{"0":{"loc":{"start":{"line":4,"column":2},"end":{"line":6,"column":3}},"type":"if","locations":[{"start":{"line":4,"column":2},"end":{"line":6,"column":3}},{"start":{"line":4,"column":2},"end":{"line":6,"column":3}}],"line":4}},"s":{"0":2,"1":2,"2":2,"3":0},"f":{"0":2},"b":{"0":[0,2]},"_coverageSchema":"332fd63041d2c1bcb487cc26dd0d5f7d97098a6c","hash":"ccb6fad49fb4eec8a3fc5c23164eddc729bb40c6"}
,"D:\\Programing\\Video_Tutorials\\_MY_TRAINING\\Javascript\\_Node.js\\The Complete Guide to Build RESTful APIs_2018\\14. Test-driven Development\\2.Project_Implementing_the_Returns\\src\\startup\\db.js": {"path":"D:\\Programing\\Video_Tutorials\\_MY_TRAINING\\Javascript\\_Node.js\\The Complete Guide to Build RESTful APIs_2018\\14. Test-driven Development\\2.Project_Implementing_the_Returns\\src\\startup\\db.js","statementMap":{"0":{"start":{"line":1,"column":17},"end":{"line":1,"column":36}},"1":{"start":{"line":2,"column":16},"end":{"line":2,"column":34}},"2":{"start":{"line":3,"column":15},"end":{"line":3,"column":32}},"3":{"start":{"line":4,"column":0},"end":{"line":10,"column":2}},"4":{"start":{"line":5,"column":13},"end":{"line":5,"column":29}},"5":{"start":{"line":6,"column":2},"end":{"line":7,"column":57}},"6":{"start":{"line":7,"column":18},"end":{"line":7,"column":55}}},"fnMap":{"0":{"name":"(anonymous_0)","decl":{"start":{"line":4,"column":17},"end":{"line":4,"column":18}},"loc":{"start":{"line":4,"column":28},"end":{"line":10,"column":1}},"line":4},"1":{"name":"(anonymous_1)","decl":{"start":{"line":7,"column":12},"end":{"line":7,"column":13}},"loc":{"start":{"line":7,"column":18},"end":{"line":7,"column":55}},"line":7}},"branchMap":{},"s":{"0":2,"1":2,"2":2,"3":2,"4":2,"5":2,"6":2},"f":{"0":2,"1":2},"b":{},"_coverageSchema":"332fd63041d2c1bcb487cc26dd0d5f7d97098a6c","hash":"3acfc68ba0c53e7641ee402782fb80c4ec678a5b"}
,"D:\\Programing\\Video_Tutorials\\_MY_TRAINING\\Javascript\\_Node.js\\The Complete Guide to Build RESTful APIs_2018\\14. Test-driven Development\\2.Project_Implementing_the_Returns\\src\\startup\\development.js": {"path":"D:\\Programing\\Video_Tutorials\\_MY_TRAINING\\Javascript\\_Node.js\\The Complete Guide to Build RESTful APIs_2018\\14. Test-driven Development\\2.Project_Implementing_the_Returns\\src\\startup\\development.js","statementMap":{"0":{"start":{"line":1,"column":15},"end":{"line":1,"column":32}},"1":{"start":{"line":2,"column":15},"end":{"line":2,"column":32}},"2":{"start":{"line":3,"column":24},"end":{"line":3,"column":55}},"3":{"start":{"line":4,"column":0},"end":{"line":20,"column":2}},"4":{"start":{"line":5,"column":2},"end":{"line":19,"column":3}},"5":{"start":{"line":6,"column":4},"end":{"line":6,"column":60}},"6":{"start":{"line":7,"column":4},"end":{"line":7,"column":59}},"7":{"start":{"line":8,"column":4},"end":{"line":8,"column":59}},"8":{"start":{"line":15,"column":4},"end":{"line":15,"column":65}},"9":{"start":{"line":16,"column":4},"end":{"line":16,"column":65}},"10":{"start":{"line":17,"column":4},"end":{"line":17,"column":28}},"11":{"start":{"line":18,"column":4},"end":{"line":18,"column":52}}},"fnMap":{"0":{"name":"(anonymous_0)","decl":{"start":{"line":4,"column":17},"end":{"line":4,"column":18}},"loc":{"start":{"line":4,"column":31},"end":{"line":20,"column":1}},"line":4}},"branchMap":{"0":{"loc":{"start":{"line":5,"column":2},"end":{"line":19,"column":3}},"type":"if","locations":[{"start":{"line":5,"column":2},"end":{"line":19,"column":3}},{"start":{"line":5,"column":2},"end":{"line":19,"column":3}}],"line":5}},"s":{"0":2,"1":2,"2":2,"3":2,"4":2,"5":0,"6":0,"7":0,"8":0,"9":0,"10":0,"11":0},"f":{"0":2},"b":{"0":[0,2]},"_coverageSchema":"332fd63041d2c1bcb487cc26dd0d5f7d97098a6c","hash":"b8850e790fad5857bcba4e01d4b458eb769ca584"}
,"D:\\Programing\\Video_Tutorials\\_MY_TRAINING\\Javascript\\_Node.js\\The Complete Guide to Build RESTful APIs_2018\\14. Test-driven Development\\2.Project_Implementing_the_Returns\\src\\startup\\logging.js": {"path":"D:\\Programing\\Video_Tutorials\\_MY_TRAINING\\Javascript\\_Node.js\\The Complete Guide to Build RESTful APIs_2018\\14. Test-driven Development\\2.Project_Implementing_the_Returns\\src\\startup\\logging.js","statementMap":{"0":{"start":{"line":1,"column":16},"end":{"line":1,"column":34}},"1":{"start":{"line":3,"column":0},"end":{"line":56,"column":2}},"2":{"start":{"line":10,"column":2},"end":{"line":10,"column":66}},"3":{"start":{"line":28,"column":2},"end":{"line":36,"column":4}},"4":{"start":{"line":49,"column":2},"end":{"line":51,"column":5}},"5":{"start":{"line":50,"column":4},"end":{"line":50,"column":13}}},"fnMap":{"0":{"name":"(anonymous_0)","decl":{"start":{"line":3,"column":17},"end":{"line":3,"column":18}},"loc":{"start":{"line":3,"column":28},"end":{"line":56,"column":1}},"line":3},"1":{"name":"(anonymous_1)","decl":{"start":{"line":49,"column":35},"end":{"line":49,"column":36}},"loc":{"start":{"line":49,"column":43},"end":{"line":51,"column":3}},"line":49}},"branchMap":{},"s":{"0":2,"1":2,"2":2,"3":2,"4":2,"5":0},"f":{"0":2,"1":0},"b":{},"_coverageSchema":"332fd63041d2c1bcb487cc26dd0d5f7d97098a6c","hash":"1bd5c9ae130bd446e469f98013afa6c4dbded3ed"}
,"D:\\Programing\\Video_Tutorials\\_MY_TRAINING\\Javascript\\_Node.js\\The Complete Guide to Build RESTful APIs_2018\\14. Test-driven Development\\2.Project_Implementing_the_Returns\\src\\startup\\routes.js": {"path":"D:\\Programing\\Video_Tutorials\\_MY_TRAINING\\Javascript\\_Node.js\\The Complete Guide to Build RESTful APIs_2018\\14. Test-driven Development\\2.Project_Implementing_the_Returns\\src\\startup\\routes.js","statementMap":{"0":{"start":{"line":1,"column":16},"end":{"line":1,"column":34}},"1":{"start":{"line":2,"column":13},"end":{"line":2,"column":38}},"2":{"start":{"line":3,"column":15},"end":{"line":3,"column":43}},"3":{"start":{"line":4,"column":17},"end":{"line":4,"column":44}},"4":{"start":{"line":5,"column":20},"end":{"line":5,"column":50}},"5":{"start":{"line":6,"column":17},"end":{"line":6,"column":44}},"6":{"start":{"line":7,"column":18},"end":{"line":7,"column":46}},"7":{"start":{"line":8,"column":16},"end":{"line":8,"column":42}},"8":{"start":{"line":9,"column":14},"end":{"line":9,"column":44}},"9":{"start":{"line":11,"column":0},"end":{"line":24,"column":2}},"10":{"start":{"line":12,"column":2},"end":{"line":12,"column":26}},"11":{"start":{"line":13,"column":2},"end":{"line":13,"column":48}},"12":{"start":{"line":14,"column":2},"end":{"line":14,"column":36}},"13":{"start":{"line":15,"column":2},"end":{"line":15,"column":21}},"14":{"start":{"line":16,"column":2},"end":{"line":16,"column":33}},"15":{"start":{"line":17,"column":2},"end":{"line":17,"column":39}},"16":{"start":{"line":18,"column":2},"end":{"line":18,"column":33}},"17":{"start":{"line":19,"column":2},"end":{"line":19,"column":35}},"18":{"start":{"line":20,"column":2},"end":{"line":20,"column":31}},"19":{"start":{"line":21,"column":2},"end":{"line":21,"column":29}},"20":{"start":{"line":23,"column":2},"end":{"line":23,"column":17}}},"fnMap":{"0":{"name":"(anonymous_0)","decl":{"start":{"line":11,"column":17},"end":{"line":11,"column":18}},"loc":{"start":{"line":11,"column":31},"end":{"line":24,"column":1}},"line":11}},"branchMap":{},"s":{"0":2,"1":2,"2":2,"3":2,"4":2,"5":2,"6":2,"7":2,"8":2,"9":2,"10":2,"11":2,"12":2,"13":2,"14":2,"15":2,"16":2,"17":2,"18":2,"19":2,"20":2},"f":{"0":2},"b":{},"_coverageSchema":"332fd63041d2c1bcb487cc26dd0d5f7d97098a6c","hash":"ea710825bfed4a0c3721cca92350f6c5c6e68ae8"}
,"D:\\Programing\\Video_Tutorials\\_MY_TRAINING\\Javascript\\_Node.js\\The Complete Guide to Build RESTful APIs_2018\\14. Test-driven Development\\2.Project_Implementing_the_Returns\\src\\startup\\third-party.js": {"path":"D:\\Programing\\Video_Tutorials\\_MY_TRAINING\\Javascript\\_Node.js\\The Complete Guide to Build RESTful APIs_2018\\14. Test-driven Development\\2.Project_Implementing_the_Returns\\src\\startup\\third-party.js","statementMap":{"0":{"start":{"line":1,"column":15},"end":{"line":1,"column":32}},"1":{"start":{"line":3,"column":0},"end":{"line":5,"column":2}},"2":{"start":{"line":4,"column":2},"end":{"line":4,"column":20}}},"fnMap":{"0":{"name":"(anonymous_0)","decl":{"start":{"line":3,"column":17},"end":{"line":3,"column":18}},"loc":{"start":{"line":3,"column":31},"end":{"line":5,"column":1}},"line":3}},"branchMap":{},"s":{"0":2,"1":2,"2":2},"f":{"0":2},"b":{},"_coverageSchema":"332fd63041d2c1bcb487cc26dd0d5f7d97098a6c","hash":"441789039088257590908503ccaf23c6f9f7616f"}
,"D:\\Programing\\Video_Tutorials\\_MY_TRAINING\\Javascript\\_Node.js\\The Complete Guide to Build RESTful APIs_2018\\14. Test-driven Development\\2.Project_Implementing_the_Returns\\src\\startup\\view.js": {"path":"D:\\Programing\\Video_Tutorials\\_MY_TRAINING\\Javascript\\_Node.js\\The Complete Guide to Build RESTful APIs_2018\\14. Test-driven Development\\2.Project_Implementing_the_Returns\\src\\startup\\view.js","statementMap":{"0":{"start":{"line":1,"column":0},"end":{"line":4,"column":2}},"1":{"start":{"line":2,"column":2},"end":{"line":2,"column":32}},"2":{"start":{"line":3,"column":2},"end":{"line":3,"column":32}}},"fnMap":{"0":{"name":"(anonymous_0)","decl":{"start":{"line":1,"column":17},"end":{"line":1,"column":18}},"loc":{"start":{"line":1,"column":31},"end":{"line":4,"column":1}},"line":1}},"branchMap":{},"s":{"0":2,"1":2,"2":2},"f":{"0":2},"b":{},"_coverageSchema":"332fd63041d2c1bcb487cc26dd0d5f7d97098a6c","hash":"28433e7ce0eb0e0c4893304ec491b7b7e12ea3fe"}
}
